#
# A fatal error has been detected by the Java Runtime Environment:
#
#  SIGSEGV (0xb) at pc=0xb6c7dd95, pid=3175, tid=1661737792
#
# JRE version: Java(TM) SE Runtime Environment (8.0_91-b14) (build 1.8.0_91-b14)
# Java VM: Java HotSpot(TM) Server VM (25.91-b14 mixed mode linux-x86 )
# Problematic frame:
# V  [libjvm.so+0x540d95]  jni_invoke_nonstatic(JNIEnv_*, JavaValue*, _jobject*, JNICallType, _jmethodID*, JNI_ArgumentPusher*, Thread*)+0x715
#
# Failed to write core dump. Core dumps have been disabled. To enable core dumping, try "ulimit -c unlimited" before starting Java again
#
# If you would like to submit a bug report, please visit:
#   http://bugreport.java.com/bugreport/crash.jsp
#

---------------  T H R E A D  ---------------

Current thread (0x64b8b400):  JavaThread "JavaFX Application Thread" [_thread_in_vm, id=3194, stack(0x63071000,0x630c2000)]

siginfo: si_signo: 11 (SIGSEGV), si_code: 1 (SEGV_MAPERR), si_addr: 0x00000103

Registers:
EAX=0x65adb758, EBX=0xb7110234, ECX=0x00000023, EDX=0x65ade668
ESP=0x630be7d0, EBP=0x630be8e8, ESI=0x65adf0a0, EDI=0x000000ff
EIP=0xb6c7dd95, EFLAGS=0x00010213, CR2=0x00000103

Top of Stack: (sp=0x630be7d0)
0x630be7d0:   64b34000 b7107de8 630be89c 630be858
0x630be7e0:   65ade668 630be948 64b8b538 b6c9a350
0x630be7f0:   65ade668 00050000 098cbcd8 098cbd20
0x630be800:   098cc0cc 64b8b270 000003ec 64b8ba54
0x630be810:   65ade668 630be900 00000000 5a9e31c8
0x630be820:   0000000b 00000012 64b8b2b0 00000013
0x630be830:   00000011 64b8b2b0 00000011 64b8b2b0
0x630be840:   00000012 00000010 64b8b2b0 b6c393bf 

Instructions: (pc=0xb6c7dd95)
0xb6c7dd75:   fc ff ff 8d 72 01 e9 a9 fc ff ff 8b 4a 14 83 f9
0xb6c7dd85:   f7 0f 8c cc 01 00 00 83 f9 fe 0f 84 75 f9 ff ff
0xb6c7dd95:   8b 47 04 8b 84 88 00 01 00 00 89 85 08 ff ff ff
0xb6c7dda5:   e9 66 f9 ff ff 8d b6 00 00 00 00 50 6a 00 6a 04 

Register to memory mapping:

EAX=0x65adb758 is pointing into metadata
EBX=0xb7110234: <offset 0x9d3234> in /home/victor/jdk1.8.0_91/jre/lib/i386/server/libjvm.so at 0xb673d000
ECX=0x00000023 is an unknown value
EDX={method} {0x65ade668} 'notifyKey' '(II[CI)V' in 'com/sun/glass/ui/View'
ESP=0x630be7d0 is pointing into the stack for thread: 0x64b8b400
EBP=0x630be8e8 is pointing into the stack for thread: 0x64b8b400
ESI=0x65adf0a0 is pointing into metadata
EDI=0x000000ff is an unknown value


Stack: [0x63071000,0x630c2000],  sp=0x630be7d0,  free space=309k
Native frames: (J=compiled Java code, j=interpreted, Vv=VM code, C=native code)
V  [libjvm.so+0x540d95]  jni_invoke_nonstatic(JNIEnv_*, JavaValue*, _jobject*, JNICallType, _jmethodID*, JNI_ArgumentPusher*, Thread*)+0x715
V  [libjvm.so+0x5434f1]  jni_CallVoidMethodV+0xe1
C  [libglass.so+0xf7ec]  JNIEnv_::CallVoidMethod(_jobject*, _jmethodID*, ...)+0x1c
C  [libglass.so+0x1972c]  WindowContextBase::process_key(_GdkEventKey*)+0x1cc
C  [libglass.so+0x1782a]  WindowContextBase::im_filter_keypress(_GdkEventKey*)+0x1aa
C  [libglass.so+0x17902]  WindowContextBase::filterIME(_GdkEvent*)+0x52
C  [libglass.so+0x1daac]  process_events(_GdkEvent*, void*)+0x21c
C  [libgdk-x11-2.0.so.0+0x53fb9]

Java frames: (J=compiled Java code, j=interpreted, Vv=VM code)
j  com.sun.glass.ui.gtk.GtkApplication.enterNestedEventLoopImpl()V+0
j  com.sun.glass.ui.gtk.GtkApplication._enterNestedEventLoop()Ljava/lang/Object;+15
j  com.sun.glass.ui.Application.enterNestedEventLoop()Ljava/lang/Object;+14
j  com.sun.glass.ui.EventLoop.enter()Ljava/lang/Object;+42
j  com.sun.javafx.tk.quantum.QuantumToolkit.enterNestedEventLoop(Ljava/lang/Object;)Ljava/lang/Object;+107
j  javafx.stage.Stage.showAndWait()V+93
j  javafx.scene.control.HeavyweightDialog.showAndWait()V+22
j  javafx.scene.control.Dialog.showAndWait()Ljava/util/Optional;+88
j  controller.MainWindowController.selectedHRZ(Ljavafx/event/Event;)V+55
v  ~StubRoutines::call_stub
J 1847  sun.reflect.NativeMethodAccessorImpl.invoke0(Ljava/lang/reflect/Method;Ljava/lang/Object;[Ljava/lang/Object;)Ljava/lang/Object; (0 bytes) @ 0xa79912de [0xa7991260+0x7e]
J 1846 C1 sun.reflect.NativeMethodAccessorImpl.invoke(Ljava/lang/Object;[Ljava/lang/Object;)Ljava/lang/Object; (104 bytes) @ 0xa7990b34 [0xa7990860+0x2d4]
J 874 C1 sun.reflect.DelegatingMethodAccessorImpl.invoke(Ljava/lang/Object;[Ljava/lang/Object;)Ljava/lang/Object; (10 bytes) @ 0xa7752c84 [0xa7752ba0+0xe4]
J 873 C1 java.lang.reflect.Method.invoke(Ljava/lang/Object;[Ljava/lang/Object;)Ljava/lang/Object; (62 bytes) @ 0xa77527dc [0xa77524c0+0x31c]
j  sun.reflect.misc.Trampoline.invoke(Ljava/lang/reflect/Method;Ljava/lang/Object;[Ljava/lang/Object;)Ljava/lang/Object;+7
j  sun.reflect.GeneratedMethodAccessor1.invoke(Ljava/lang/Object;[Ljava/lang/Object;)Ljava/lang/Object;+40
J 874 C1 sun.reflect.DelegatingMethodAccessorImpl.invoke(Ljava/lang/Object;[Ljava/lang/Object;)Ljava/lang/Object; (10 bytes) @ 0xa7752c84 [0xa7752ba0+0xe4]
J 873 C1 java.lang.reflect.Method.invoke(Ljava/lang/Object;[Ljava/lang/Object;)Ljava/lang/Object; (62 bytes) @ 0xa77527dc [0xa77524c0+0x31c]
j  sun.reflect.misc.MethodUtil.invoke(Ljava/lang/reflect/Method;Ljava/lang/Object;[Ljava/lang/Object;)Ljava/lang/Object;+20
j  javafx.fxml.FXMLLoader$MethodHandler.invoke([Ljava/lang/Object;)V+19
j  javafx.fxml.FXMLLoader$ControllerMethodEventHandler.handle(Ljavafx/event/Event;)V+12
J 3700 C1 com.sun.javafx.event.CompositeEventHandler.dispatchBubblingEvent(Ljavafx/event/Event;)V (57 bytes) @ 0xa7dad5e8 [0xa7dad2e0+0x308]
J 3211 C1 com.sun.javafx.event.EventHandlerManager.dispatchBubblingEvent(Ljavafx/event/Event;)Ljavafx/event/Event; (23 bytes) @ 0xa7c4eff0 [0xa7c4eaa0+0x550]
J 1715 C1 com.sun.javafx.event.BasicEventDispatcher.dispatchEvent(Ljavafx/event/Event;Ljavafx/event/EventDispatchChain;)Ljavafx/event/Event; (44 bytes) @ 0xa793b8bc [0xa793b800+0xbc]
J 1042 C1 com.sun.javafx.event.EventDispatchChainImpl.dispatchEvent(Ljavafx/event/Event;)Ljavafx/event/Event; (101 bytes) @ 0xa77d049c [0xa77d0340+0x15c]
J 4003 C1 com.sun.javafx.event.EventUtil.fireEventImpl(Ljavafx/event/EventDispatchChain;Ljavafx/event/EventTarget;Ljavafx/event/Event;)Ljavafx/event/Event; (16 bytes) @ 0xa7e97588 [0xa7e97480+0x108]
j  com.sun.javafx.event.EventUtil.fireEvent(Ljavafx/event/EventTarget;Ljavafx/event/Event;)Ljavafx/event/Event;+37
j  javafx.event.Event.fireEvent(Ljavafx/event/EventTarget;Ljavafx/event/Event;)V+30
j  javafx.scene.control.Tab$1.invalidated()V+24
J 3659 C1 javafx.beans.property.BooleanPropertyBase.set(Z)V (110 bytes) @ 0xa7d90198 [0xa7d8fc00+0x598]
j  javafx.scene.control.Tab.setSelected(Z)V+5
j  javafx.scene.control.TabPane$TabPaneSelectionModel.select(I)V+154
j  javafx.scene.control.TabPane$TabPaneSelectionModel.select(Ljavafx/scene/control/Tab;)V+35
j  javafx.scene.control.TabPane$TabPaneSelectionModel.select(Ljava/lang/Object;)V+5
j  com.sun.javafx.scene.control.behavior.TabPaneBehavior.selectTab(Ljavafx/scene/control/Tab;)V+11
j  com.sun.javafx.scene.control.skin.TabPaneSkin$TabHeaderSkin$5.handle(Ljavafx/scene/input/MouseEvent;)V+116
j  com.sun.javafx.scene.control.skin.TabPaneSkin$TabHeaderSkin$5.handle(Ljavafx/event/Event;)V+5
J 3700 C1 com.sun.javafx.event.CompositeEventHandler.dispatchBubblingEvent(Ljavafx/event/Event;)V (57 bytes) @ 0xa7dad5e8 [0xa7dad2e0+0x308]
J 3211 C1 com.sun.javafx.event.EventHandlerManager.dispatchBubblingEvent(Ljavafx/event/Event;)Ljavafx/event/Event; (23 bytes) @ 0xa7c4eff0 [0xa7c4eaa0+0x550]
J 3140 C1 com.sun.javafx.event.CompositeEventDispatcher.dispatchBubblingEvent(Ljavafx/event/Event;)Ljavafx/event/Event; (35 bytes) @ 0xa7c2c138 [0xa7c2bfc0+0x178]
J 1715 C1 com.sun.javafx.event.BasicEventDispatcher.dispatchEvent(Ljavafx/event/Event;Ljavafx/event/EventDispatchChain;)Ljavafx/event/Event; (44 bytes) @ 0xa793b8bc [0xa793b800+0xbc]
J 1042 C1 com.sun.javafx.event.EventDispatchChainImpl.dispatchEvent(Ljavafx/event/Event;)Ljavafx/event/Event; (101 bytes) @ 0xa77d049c [0xa77d0340+0x15c]
J 1715 C1 com.sun.javafx.event.BasicEventDispatcher.dispatchEvent(Ljavafx/event/Event;Ljavafx/event/EventDispatchChain;)Ljavafx/event/Event; (44 bytes) @ 0xa793b8a0 [0xa793b800+0xa0]
J 1042 C1 com.sun.javafx.event.EventDispatchChainImpl.dispatchEvent(Ljavafx/event/Event;)Ljavafx/event/Event; (101 bytes) @ 0xa77d049c [0xa77d0340+0x15c]
J 1715 C1 com.sun.javafx.event.BasicEventDispatcher.dispatchEvent(Ljavafx/event/Event;Ljavafx/event/EventDispatchChain;)Ljavafx/event/Event; (44 bytes) @ 0xa793b8a0 [0xa793b800+0xa0]
J 1042 C1 com.sun.javafx.event.EventDispatchChainImpl.dispatchEvent(Ljavafx/event/Event;)Ljavafx/event/Event; (101 bytes) @ 0xa77d049c [0xa77d0340+0x15c]
J 1715 C1 com.sun.javafx.event.BasicEventDispatcher.dispatchEvent(Ljavafx/event/Event;Ljavafx/event/EventDispatchChain;)Ljavafx/event/Event; (44 bytes) @ 0xa793b8a0 [0xa793b800+0xa0]
J 1042 C1 com.sun.javafx.event.EventDispatchChainImpl.dispatchEvent(Ljavafx/event/Event;)Ljavafx/event/Event; (101 bytes) @ 0xa77d049c [0xa77d0340+0x15c]
J 1715 C1 com.sun.javafx.event.BasicEventDispatcher.dispatchEvent(Ljavafx/event/Event;Ljavafx/event/EventDispatchChain;)Ljavafx/event/Event; (44 bytes) @ 0xa793b8a0 [0xa793b800+0xa0]
J 1042 C1 com.sun.javafx.event.EventDispatchChainImpl.dispatchEvent(Ljavafx/event/Event;)Ljavafx/event/Event; (101 bytes) @ 0xa77d049c [0xa77d0340+0x15c]
J 4003 C1 com.sun.javafx.event.EventUtil.fireEventImpl(Ljavafx/event/EventDispatchChain;Ljavafx/event/EventTarget;Ljavafx/event/Event;)Ljavafx/event/Event; (16 bytes) @ 0xa7e97588 [0xa7e97480+0x108]
j  com.sun.javafx.event.EventUtil.fireEvent(Ljavafx/event/EventTarget;Ljavafx/event/Event;)Ljavafx/event/Event;+46
J 4008 C1 javafx.scene.Scene$MouseHandler.process(Ljavafx/scene/input/MouseEvent;Z)V (735 bytes) @ 0xa7e9c7d8 [0xa7e9a500+0x22d8]
J 4007 C1 javafx.scene.Scene$MouseHandler.access$1500(Ljavafx/scene/Scene$MouseHandler;Ljavafx/scene/input/MouseEvent;Z)V (7 bytes) @ 0xa7e99df0 [0xa7e99da0+0x50]
j  javafx.scene.Scene.impl_processMouseEvent(Ljavafx/scene/input/MouseEvent;)V+6
j  javafx.scene.Scene$ScenePeerListener.mouseEvent(Ljavafx/event/EventType;DDDDLjavafx/scene/input/MouseButton;ZZZZZZZZZ)V+46
j  com.sun.javafx.tk.quantum.GlassViewEventHandler$MouseEventNotification.run()Ljava/lang/Void;+514
j  com.sun.javafx.tk.quantum.GlassViewEventHandler$MouseEventNotification.run()Ljava/lang/Object;+1
v  ~StubRoutines::call_stub
J 1745  java.security.AccessController.doPrivileged(Ljava/security/PrivilegedAction;Ljava/security/AccessControlContext;)Ljava/lang/Object; (0 bytes) @ 0xa79679c8 [0xa7967960+0x68]
j  com.sun.javafx.tk.quantum.GlassViewEventHandler.lambda$handleMouseEvent$354()Ljava/lang/Void;+11
j  com.sun.javafx.tk.quantum.GlassViewEventHandler$$Lambda$169.get()Ljava/lang/Object;+4
J 3696 C1 com.sun.javafx.tk.quantum.QuantumToolkit.runWithoutRenderLock(Ljava/util/function/Supplier;)Ljava/lang/Object; (49 bytes) @ 0xa7dab7b0 [0xa7dab360+0x450]
j  com.sun.javafx.tk.quantum.GlassViewEventHandler.handleMouseEvent(Lcom/sun/glass/ui/View;JIIIIIIIZZ)V+103
J 4093 C1 com.sun.glass.ui.View.notifyMouse(IIIIIIIZZ)V (221 bytes) @ 0xa7ee01bc [0xa7edf540+0xc7c]
v  ~StubRoutines::call_stub
j  com.sun.glass.ui.gtk.GtkApplication._runLoop(Ljava/lang/Runnable;Z)V+0
j  com.sun.glass.ui.gtk.GtkApplication.lambda$null$49(Ljava/lang/Runnable;Z)V+7
j  com.sun.glass.ui.gtk.GtkApplication$$Lambda$41.run()V+12
j  java.lang.Thread.run()V+11
v  ~StubRoutines::call_stub

---------------  P R O C E S S  ---------------

Java Threads: ( => current thread )
  0x6193b400 JavaThread "Thread-4" daemon [_thread_in_Java, id=3210, stack(0x57faf000,0x58000000)]
  0x6150e800 JavaThread "Prism Font Disposer" daemon [_thread_blocked, id=3196, stack(0x6126c000,0x612bd000)]
  0x64b8e000 JavaThread "JavaFX-Launcher" [_thread_blocked, id=3195, stack(0x61dea000,0x61e3b000)]
=>0x64b8b400 JavaThread "JavaFX Application Thread" [_thread_in_vm, id=3194, stack(0x63071000,0x630c2000)]
  0x64b88c00 JavaThread "Thread-1" daemon [_thread_blocked, id=3193, stack(0x630c2000,0x63113000)]
  0x64b10400 JavaThread "QuantumRenderer-0" daemon [_thread_blocked, id=3192, stack(0x64e42000,0x64e93000)]
  0x68038800 JavaThread "Service Thread" daemon [_thread_blocked, id=3188, stack(0x64fa9000,0x64ffa000)]
  0x68035800 JavaThread "C1 CompilerThread1" daemon [_thread_blocked, id=3187, stack(0x64ffa000,0x6507b000)]
  0x68033800 JavaThread "C2 CompilerThread0" daemon [_thread_blocked, id=3186, stack(0x6507b000,0x650fc000)]
  0x68032000 JavaThread "Signal Dispatcher" daemon [_thread_blocked, id=3185, stack(0x650fc000,0x6514d000)]
  0x68017c00 JavaThread "Finalizer" daemon [_thread_blocked, id=3184, stack(0x6547e000,0x654cf000)]
  0x68014c00 JavaThread "Reference Handler" daemon [_thread_blocked, id=3183, stack(0x654cf000,0x65520000)]
  0xb6507400 JavaThread "main" [_thread_blocked, id=3177, stack(0xb669f000,0xb66f0000)]

Other Threads:
  0x68010400 VMThread [stack: 0x65520000,0x655a1000] [id=3182]
  0x6803ac00 WatcherThread [stack: 0x64f28000,0x64fa9000] [id=3189]

VM state:not at safepoint (normal execution)

VM Mutex/Monitor currently owned by a thread: None

Heap:
 PSYoungGen      total 236800K, used 158001K [0x92200000, 0xa3540000, 0xa7000000)
  eden space 230656K, 68% used [0x92200000,0x9bb46088,0xa0340000)
  from space 6144K, 17% used [0xa0340000,0xa04466b0,0xa0940000)
  to   space 5888K, 0% used [0xa2f80000,0xa2f80000,0xa3540000)
 ParOldGen       total 144896K, used 95508K [0x68600000, 0x71380000, 0x92200000)
  object space 144896K, 65% used [0x68600000,0x6e3451b0,0x71380000)
 Metaspace       used 15719K, capacity 16479K, committed 16536K, reserved 16688K

Card table byte_map: [0x6840a000,0x68600000] byte_map_base: 0x680c7000

Marking Bits: (ParMarkBitMap*) 0xb7140bc0
 Begin Bits: [0x65fb0000, 0x66f58000)
 End Bits:   [0x66f58000, 0x67f00000)

Polling page: 0xb7752000

CodeCache: size=245760Kb used=10597Kb max_used=10600Kb free=235162Kb
 bounds [0xa7500000, 0xa7f60000, 0xb6500000]
 total_blobs=4641 nmethods=4212 adapters=343
 compilation: enabled

Compilation events (10 events):
Event: 27,987 Thread 0x68035800 4259       3       com.sun.javafx.tk.quantum.QuantumToolkit$$Lambda$45/17854094::run (8 bytes)
Event: 27,987 Thread 0x68035800 nmethod 4259 0xa7f59e08 code [0xa7f59f40, 0xa7f5a1ac]
Event: 27,987 Thread 0x68035800 4260       3       com.sun.javafx.tk.quantum.QuantumToolkit::lambda$runToolkit$404 (5 bytes)
Event: 27,988 Thread 0x68035800 nmethod 4260 0xa7f5a2c8 code [0xa7f5a3e0, 0xa7f5a60c]
Event: 28,049 Thread 0x68033800 4261   !   4       com.sun.javafx.collections.ListListenerHelper$SingleChange::fireValueChangedEvent (30 bytes)
Event: 28,051 Thread 0x68033800 nmethod 4261 0xa7f5d348 code [0xa7f5d460, 0xa7f5d51c]
Event: 28,138 Thread 0x68035800 4262       3       javafx.beans.property.ReadOnlyBooleanWrapper::fireValueChangedEvent (19 bytes)
Event: 28,139 Thread 0x68035800 nmethod 4262 0xa7f5cbc8 code [0xa7f5cd20, 0xa7f5d138]
Event: 28,140 Thread 0x68035800 4263       3       javafx.scene.Parent::scenesChanged (172 bytes)
Event: 28,142 Thread 0x68035800 nmethod 4263 0xa7f5b588 code [0xa7f5b7a0, 0xa7f5c62c]

GC Heap History (10 events):
Event: 24,446 GC heap before
{Heap before GC invocations=17 (full 2):
 PSYoungGen      total 151296K, used 147088K [0x92200000, 0x9bf40000, 0xa7000000)
  eden space 146688K, 100% used [0x92200000,0x9b140000,0x9b140000)
  from space 4608K, 8% used [0x9bac0000,0x9bb24000,0x9bf40000)
  to   space 7168K, 0% used [0x9b140000,0x9b140000,0x9b840000)
 ParOldGen       total 144896K, used 93193K [0x68600000, 0x71380000, 0x92200000)
  object space 144896K, 64% used [0x68600000,0x6e102428,0x71380000)
 Metaspace       used 15039K, capacity 15744K, committed 15768K, reserved 16688K
Event: 24,457 GC heap after
Heap after GC invocations=17 (full 2):
 PSYoungGen      total 153856K, used 974K [0x92200000, 0x9ef40000, 0xa7000000)
  eden space 146688K, 0% used [0x92200000,0x92200000,0x9b140000)
  from space 7168K, 13% used [0x9b140000,0x9b233998,0x9b840000)
  to   space 6912K, 0% used [0x9e880000,0x9e880000,0x9ef40000)
 ParOldGen       total 144896K, used 93581K [0x68600000, 0x71380000, 0x92200000)
  object space 144896K, 64% used [0x68600000,0x6e163428,0x71380000)
 Metaspace       used 15039K, capacity 15744K, committed 15768K, reserved 16688K
}
Event: 24,988 GC heap before
{Heap before GC invocations=18 (full 2):
 PSYoungGen      total 153856K, used 147662K [0x92200000, 0x9ef40000, 0xa7000000)
  eden space 146688K, 100% used [0x92200000,0x9b140000,0x9b140000)
  from space 7168K, 13% used [0x9b140000,0x9b233998,0x9b840000)
  to   space 6912K, 0% used [0x9e880000,0x9e880000,0x9ef40000)
 ParOldGen       total 144896K, used 93581K [0x68600000, 0x71380000, 0x92200000)
  object space 144896K, 64% used [0x68600000,0x6e163428,0x71380000)
 Metaspace       used 15055K, capacity 15776K, committed 15896K, reserved 16688K
Event: 24,998 GC heap after
Heap after GC invocations=18 (full 2):
 PSYoungGen      total 198656K, used 464K [0x92200000, 0x9ecc0000, 0xa7000000)
  eden space 194304K, 0% used [0x92200000,0x92200000,0x9dfc0000)
  from space 4352K, 10% used [0x9e880000,0x9e8f4010,0x9ecc0000)
  to   space 6656K, 0% used [0x9dfc0000,0x9dfc0000,0x9e640000)
 ParOldGen       total 144896K, used 94395K [0x68600000, 0x71380000, 0x92200000)
  object space 144896K, 65% used [0x68600000,0x6e22eda0,0x71380000)
 Metaspace       used 15055K, capacity 15776K, committed 15896K, reserved 16688K
}
Event: 25,961 GC heap before
{Heap before GC invocations=19 (full 2):
 PSYoungGen      total 198656K, used 194768K [0x92200000, 0x9ecc0000, 0xa7000000)
  eden space 194304K, 100% used [0x92200000,0x9dfc0000,0x9dfc0000)
  from space 4352K, 10% used [0x9e880000,0x9e8f4010,0x9ecc0000)
  to   space 6656K, 0% used [0x9dfc0000,0x9dfc0000,0x9e640000)
 ParOldGen       total 144896K, used 94395K [0x68600000, 0x71380000, 0x92200000)
  object space 144896K, 65% used [0x68600000,0x6e22eda0,0x71380000)
 Metaspace       used 15665K, capacity 16412K, committed 16536K, reserved 16688K
Event: 25,971 GC heap after
Heap after GC invocations=19 (full 2):
 PSYoungGen      total 200960K, used 777K [0x92200000, 0xa1240000, 0xa7000000)
  eden space 194304K, 0% used [0x92200000,0x92200000,0x9dfc0000)
  from space 6656K, 11% used [0x9dfc0000,0x9e082410,0x9e640000)
  to   space 6400K, 0% used [0xa0c00000,0xa0c00000,0xa1240000)
 ParOldGen       total 144896K, used 94763K [0x68600000, 0x71380000, 0x92200000)
  object space 144896K, 65% used [0x68600000,0x6e28ada0,0x71380000)
 Metaspace       used 15665K, capacity 16412K, committed 16536K, reserved 16688K
}
Event: 26,689 GC heap before
{Heap before GC invocations=20 (full 2):
 PSYoungGen      total 200960K, used 195081K [0x92200000, 0xa1240000, 0xa7000000)
  eden space 194304K, 100% used [0x92200000,0x9dfc0000,0x9dfc0000)
  from space 6656K, 11% used [0x9dfc0000,0x9e082410,0x9e640000)
  to   space 6400K, 0% used [0xa0c00000,0xa0c00000,0xa1240000)
 ParOldGen       total 144896K, used 94763K [0x68600000, 0x71380000, 0x92200000)
  object space 144896K, 65% used [0x68600000,0x6e28ada0,0x71380000)
 Metaspace       used 15671K, capacity 16444K, committed 16536K, reserved 16688K
Event: 26,697 GC heap after
Heap after GC invocations=20 (full 2):
 PSYoungGen      total 233984K, used 544K [0x92200000, 0xa0f40000, 0xa7000000)
  eden space 230656K, 0% used [0x92200000,0x92200000,0xa0340000)
  from space 3328K, 16% used [0xa0c00000,0xa0c88010,0xa0f40000)
  to   space 6144K, 0% used [0xa0340000,0xa0340000,0xa0940000)
 ParOldGen       total 144896K, used 95504K [0x68600000, 0x71380000, 0x92200000)
  object space 144896K, 65% used [0x68600000,0x6e3441b0,0x71380000)
 Metaspace       used 15671K, capacity 16444K, committed 16536K, reserved 16688K
}
Event: 27,574 GC heap before
{Heap before GC invocations=21 (full 2):
 PSYoungGen      total 233984K, used 231200K [0x92200000, 0xa0f40000, 0xa7000000)
  eden space 230656K, 100% used [0x92200000,0xa0340000,0xa0340000)
  from space 3328K, 16% used [0xa0c00000,0xa0c88010,0xa0f40000)
  to   space 6144K, 0% used [0xa0340000,0xa0340000,0xa0940000)
 ParOldGen       total 144896K, used 95504K [0x68600000, 0x71380000, 0x92200000)
  object space 144896K, 65% used [0x68600000,0x6e3441b0,0x71380000)
 Metaspace       used 15696K, capacity 16447K, committed 16536K, reserved 16688K
Event: 27,582 GC heap after
Heap after GC invocations=21 (full 2):
 PSYoungGen      total 236800K, used 1049K [0x92200000, 0xa3540000, 0xa7000000)
  eden space 230656K, 0% used [0x92200000,0x92200000,0xa0340000)
  from space 6144K, 17% used [0xa0340000,0xa04466b0,0xa0940000)
  to   space 5888K, 0% used [0xa2f80000,0xa2f80000,0xa3540000)
 ParOldGen       total 144896K, used 95508K [0x68600000, 0x71380000, 0x92200000)
  object space 144896K, 65% used [0x68600000,0x6e3451b0,0x71380000)
 Metaspace       used 15696K, capacity 16447K, committed 16536K, reserved 16688K
}

Deoptimization events (10 events):
Event: 25,373 Thread 0x64b8b400 Uncommon trap: reason=unstable_if action=reinterpret pc=0xa7c1e318 method=com.sun.javafx.css.SimpleSelector.applies(Ljavafx/css/Styleable;)Z @ 7
Event: 25,373 Thread 0x64b8b400 Uncommon trap: reason=unstable_if action=reinterpret pc=0xa7c25f50 method=com.sun.javafx.css.SimpleSelector.applies(Ljavafx/css/Styleable;)Z @ 7
Event: 25,377 Thread 0x64b8b400 Uncommon trap: reason=unstable_if action=reinterpret pc=0xa7b5eeac method=com.sun.javafx.css.SimpleSelector.applies(Ljavafx/css/Styleable;)Z @ 7
Event: 25,380 Thread 0x64b8b400 Uncommon trap: reason=class_check action=maybe_recompile pc=0xa7e7586c method=java.util.SubList$1.<init>(Ljava/util/SubList;I)V @ 34
Event: 25,391 Thread 0x64b8b400 Uncommon trap: reason=bimorphic action=maybe_recompile pc=0xa796d2cc method=java.io.FilterInputStream.read()I @ 4
Event: 25,391 Thread 0x64b8b400 Uncommon trap: reason=bimorphic action=maybe_recompile pc=0xa796d2cc method=java.io.FilterInputStream.read()I @ 4
Event: 25,391 Thread 0x64b8b400 Uncommon trap: reason=bimorphic action=maybe_recompile pc=0xa796d2cc method=java.io.FilterInputStream.read()I @ 4
Event: 25,391 Thread 0x64b8b400 Uncommon trap: reason=bimorphic action=maybe_recompile pc=0xa796d2cc method=java.io.FilterInputStream.read()I @ 4
Event: 25,392 Thread 0x64b8b400 Uncommon trap: reason=unstable_if action=reinterpret pc=0xa7be9b68 method=javafx.collections.ListChangeBuilder.commit()V @ 16
Event: 25,524 Thread 0x64b8b400 Uncommon trap: reason=unstable_if action=reinterpret pc=0xa7d5e578 method=javafx.beans.property.ObjectPropertyBase.isBound()Z @ 4

Internal exceptions (10 events):
Event: 2,185 Thread 0x64b8b400 Exception <a 'java/lang/ArrayIndexOutOfBoundsException': 18> (0x92e5bd80) thrown at [/HUDSON/workspace/8-2-build-linux-i586/jdk8u91/6644/hotspot/src/share/vm/interpreter/interpreterRuntime.cpp, line 366]
Event: 2,186 Thread 0x64b8b400 Exception <a 'java/lang/ArrayIndexOutOfBoundsException': 86> (0x92e5cf18) thrown at [/HUDSON/workspace/8-2-build-linux-i586/jdk8u91/6644/hotspot/src/share/vm/interpreter/interpreterRuntime.cpp, line 366]
Event: 7,969 Thread 0x64b8b400 Exception <a 'java/lang/ClassNotFoundException': com/sun/org/glassfish/hk2/osgiresourcelocator/ServiceLoader> (0x92d869b0) thrown at [/HUDSON/workspace/8-2-build-linux-i586/jdk8u91/6644/hotspot/src/share/vm/classfile/systemDictionary.cpp, line 210]
Event: 7,977 Thread 0x64b8b400 Exception <a 'java/lang/NullPointerException'> (0x92d8d620) thrown at [/HUDSON/workspace/8-2-build-linux-i586/jdk8u91/6644/hotspot/src/share/vm/interpreter/linkResolver.cpp, line 1280]
Event: 8,038 Thread 0x64b8b400 Exception <a 'java/lang/ArrayIndexOutOfBoundsException'> (0x92dec7a8) thrown at [/HUDSON/workspace/8-2-build-linux-i586/jdk8u91/6644/hotspot/src/share/vm/runtime/sharedRuntime.cpp, line 605]
Event: 8,039 Thread 0x64b8b400 Exception <a 'java/lang/ArrayIndexOutOfBoundsException'> (0x92dedbf8) thrown at [/HUDSON/workspace/8-2-build-linux-i586/jdk8u91/6644/hotspot/src/share/vm/runtime/sharedRuntime.cpp, line 605]
Event: 11,015 Thread 0x64b8b400 Implicit null exception at 0xa792ed86 to 0xa792ef41
Event: 12,385 Thread 0x64b8b400 Implicit null exception at 0xa781c2ff to 0xa781c625
Event: 12,386 Thread 0x64b8b400 Implicit null exception at 0xa766cd3f to 0xa766d05d
Event: 13,267 Thread 0x64b8b400 Implicit null exception at 0xa7ba6c99 to 0xa7ba7341

Events (10 events):
Event: 27,390 loading class com/sun/javafx/scene/input/KeyCodeMap
Event: 27,390 loading class com/sun/javafx/scene/input/KeyCodeMap done
Event: 27,400 loading class com/sun/prism/shape/ShapeRep$InvalidationType
Event: 27,400 loading class com/sun/prism/shape/ShapeRep$InvalidationType done
Event: 27,458 loading class java/util/ArrayList$1
Event: 27,458 loading class java/util/ArrayList$1 done
Event: 27,574 Executing VM operation: ParallelGCFailedAllocation
Event: 27,582 Executing VM operation: ParallelGCFailedAllocation done
Event: 28,110 loading class javafx/scene/input/KeyCombination$2
Event: 28,110 loading class javafx/scene/input/KeyCombination$2 done


Dynamic libraries:
08048000-08049000 r-xp 00000000 08:05 3412828    /home/victor/jdk1.8.0_91/jre/bin/java
08049000-0804a000 rw-p 00000000 08:05 3412828    /home/victor/jdk1.8.0_91/jre/bin/java
098c9000-0aa68000 rw-p 00000000 00:00 0          [heap]
533ee000-563ee000 rw-s 2389d000 00:06 264        /dev/dri/card0
563ee000-563ef000 ---p 00000000 00:00 0 
563ef000-56bef000 rw-p 00000000 00:00 0 
56e00000-56ee0000 rw-p 00000000 00:00 0 
56ee0000-56f00000 ---p 00000000 00:00 0 
56f00000-57900000 rw-s 2689d000 00:06 264        /dev/dri/card0
57900000-57a00000 rw-p 00000000 00:00 0 
57a00000-57b00000 rw-p 00000000 00:00 0 
57b00000-57b75000 rw-p 00000000 00:00 0 
57b75000-57c00000 ---p 00000000 00:00 0 
57c00000-57c7c000 rw-p 00000000 00:00 0 
57c7c000-57d00000 ---p 00000000 00:00 0 
57d00000-57e00000 rw-p 00000000 00:00 0 
57e5d000-57f5d000 rw-p 00000000 00:00 0 
57faf000-57fb2000 ---p 00000000 00:00 0 
57fb2000-58000000 rw-p 00000000 00:00 0          [stack:3210]
58000000-580fe000 rw-p 00000000 00:00 0 
580fe000-58100000 ---p 00000000 00:00 0 
58150000-58178000 rw-s 35c0d000 00:06 264        /dev/dri/card0
58178000-58188000 rw-s 360ea000 00:06 264        /dev/dri/card0
58198000-581a8000 rw-s 35bed000 00:06 264        /dev/dri/card0
581a8000-581b8000 rw-s 35bdd000 00:06 264        /dev/dri/card0
581b8000-581c8000 rw-s 35dfb000 00:06 264        /dev/dri/card0
581c8000-581d8000 rw-s 35d0f000 00:06 264        /dev/dri/card0
581d8000-581e8000 rw-s 35bcd000 00:06 264        /dev/dri/card0
581e8000-582e8000 rw-p 00000000 00:00 0 
582e8000-583e8000 rw-p 00000000 00:00 0 
583e8000-583f2000 r--s 00116000 08:05 3412597    /home/victor/jdk1.8.0_91/jre/lib/ext/localedata.jar
583f2000-58452000 rw-s 00000000 00:05 284327942  /SYSV00000000 (deleted)
5892d000-58ac9000 rw-p 00000000 00:00 0 
58ac9000-58ad3000 rw-s 2a71c000 00:06 264        /dev/dri/card0
58ad3000-58c53000 rw-s 2a59c000 00:06 264        /dev/dri/card0
58c53000-5a509000 r-xp 00000000 08:05 4856027    /usr/lib/i386-linux-gnu/libicudata.so.55.1
5a509000-5a50a000 r--p 018b5000 08:05 4856027    /usr/lib/i386-linux-gnu/libicudata.so.55.1
5a50a000-5a50b000 rw-p 018b6000 08:05 4856027    /usr/lib/i386-linux-gnu/libicudata.so.55.1
5a50b000-5a692000 r-xp 00000000 08:05 4856041    /usr/lib/i386-linux-gnu/libicuuc.so.55.1
5a692000-5a69c000 r--p 00186000 08:05 4856041    /usr/lib/i386-linux-gnu/libicuuc.so.55.1
5a69c000-5a69d000 rw-p 00190000 08:05 4856041    /usr/lib/i386-linux-gnu/libicuuc.so.55.1
5a69d000-5a6a1000 rw-p 00000000 00:00 0 
5a6a1000-5a875000 r-xp 00000000 08:05 4856596    /usr/lib/i386-linux-gnu/libxml2.so.2.9.2
5a875000-5a876000 ---p 001d4000 08:05 4856596    /usr/lib/i386-linux-gnu/libxml2.so.2.9.2
5a876000-5a87a000 r--p 001d4000 08:05 4856596    /usr/lib/i386-linux-gnu/libxml2.so.2.9.2
5a87a000-5a87b000 rw-p 001d8000 08:05 4856596    /usr/lib/i386-linux-gnu/libxml2.so.2.9.2
5a87b000-5a87c000 rw-p 00000000 00:00 0 
5a87c000-5a8bc000 r-xp 00000000 08:05 4855697    /usr/lib/i386-linux-gnu/libcroco-0.6.so.3.0.1
5a8bc000-5a8be000 r--p 00040000 08:05 4855697    /usr/lib/i386-linux-gnu/libcroco-0.6.so.3.0.1
5a8be000-5a8bf000 rw-p 00042000 08:05 4855697    /usr/lib/i386-linux-gnu/libcroco-0.6.so.3.0.1
5a8bf000-5a8fe000 r-xp 00000000 08:05 4856340    /usr/lib/i386-linux-gnu/librsvg-2.so.2.40.10
5a8fe000-5a8ff000 r--p 0003e000 08:05 4856340    /usr/lib/i386-linux-gnu/librsvg-2.so.2.40.10
5a8ff000-5a900000 rw-p 0003f000 08:05 4856340    /usr/lib/i386-linux-gnu/librsvg-2.so.2.40.10
5a900000-5a9fe000 rw-p 00000000 00:00 0 
5a9fe000-5aa00000 ---p 00000000 00:00 0 
5aa00000-5aa01000 rw-p 00000000 00:00 0 
5aa01000-5aa09000 rw-s 00000000 00:05 69331      /drm mm object (deleted)
5aa09000-5aa25000 r--s 00393000 08:05 3412631    /home/victor/jdk1.8.0_91/jre/lib/ext/cldrdata.jar
5aa25000-5aa33000 r--p 00000000 08:05 5900353    /usr/share/fonts/opentype/cantarell/Cantarell-Bold.otf
5aa33000-5aa34000 r-xp 00000000 08:05 4980967    /usr/lib/i386-linux-gnu/gdk-pixbuf-2.0/2.10.0/loaders/libpixbufloader-svg.so
5aa34000-5aa35000 ---p 00001000 08:05 4980967    /usr/lib/i386-linux-gnu/gdk-pixbuf-2.0/2.10.0/loaders/libpixbufloader-svg.so
5aa35000-5aa36000 r--p 00001000 08:05 4980967    /usr/lib/i386-linux-gnu/gdk-pixbuf-2.0/2.10.0/loaders/libpixbufloader-svg.so
5aa36000-5aa37000 rw-p 00002000 08:05 4980967    /usr/lib/i386-linux-gnu/gdk-pixbuf-2.0/2.10.0/loaders/libpixbufloader-svg.so
5aa37000-5aa45000 r--p 00000000 08:05 5900354    /usr/share/fonts/opentype/cantarell/Cantarell-Regular.otf
5aa45000-5aa48000 r--p 00000000 08:05 5772859    /usr/share/locale-langpack/es/LC_MESSAGES/atk10.mo
5aa48000-5aa49000 ---p 00000000 00:00 0 
5aa49000-5b249000 rw-p 00000000 00:00 0 
5b249000-5b24a000 ---p 00000000 00:00 0 
5b24a000-5ba4a000 rw-p 00000000 00:00 0 
5ba4a000-5ba4b000 ---p 00000000 00:00 0 
5ba4b000-5c24b000 rw-p 00000000 00:00 0 
5c24b000-5c250000 r-xp 00000000 08:05 4980964    /usr/lib/i386-linux-gnu/gdk-pixbuf-2.0/2.10.0/loaders/libpixbufloader-png.so
5c250000-5c251000 r--p 00004000 08:05 4980964    /usr/lib/i386-linux-gnu/gdk-pixbuf-2.0/2.10.0/loaders/libpixbufloader-png.so
5c251000-5c252000 rw-p 00005000 08:05 4980964    /usr/lib/i386-linux-gnu/gdk-pixbuf-2.0/2.10.0/loaders/libpixbufloader-png.so
5c252000-5c273000 r--s 00000000 08:05 5384553    /usr/share/mime/mime.cache
5c273000-5c279000 r--p 00000000 08:05 6311572    /usr/share/icons/hicolor/icon-theme.cache
5c279000-5c282000 r--p 00000000 08:05 6307211    /usr/share/icons/gnome/icon-theme.cache
5c282000-5c2b8000 r-xp 00000000 08:05 4981039    /usr/lib/i386-linux-gnu/gio/modules/libgvfsdbus.so
5c2b8000-5c2b9000 ---p 00036000 08:05 4981039    /usr/lib/i386-linux-gnu/gio/modules/libgvfsdbus.so
5c2b9000-5c2ba000 r--p 00036000 08:05 4981039    /usr/lib/i386-linux-gnu/gio/modules/libgvfsdbus.so
5c2ba000-5c2bb000 rw-p 00037000 08:05 4981039    /usr/lib/i386-linux-gnu/gio/modules/libgvfsdbus.so
5c2bb000-5c2c7000 r-xp 00000000 08:05 4981034    /usr/lib/i386-linux-gnu/gio/modules/libdconfsettings.so
5c2c7000-5c2c8000 r--p 0000b000 08:05 4981034    /usr/lib/i386-linux-gnu/gio/modules/libdconfsettings.so
5c2c8000-5c2c9000 rw-p 0000c000 08:05 4981034    /usr/lib/i386-linux-gnu/gio/modules/libdconfsettings.so
5c2c9000-5c2ca000 ---p 00000000 00:00 0 
5c2ca000-5caca000 rw-p 00000000 00:00 0          [stack:3198]
5caca000-5cacb000 ---p 00000000 00:00 0 
5cacb000-5d2cb000 rw-p 00000000 00:00 0          [stack:3197]
5d2cb000-5d2e4000 r--p 00000000 08:05 5772954    /usr/share/locale-langpack/es/LC_MESSAGES/glib20.mo
5d2e4000-5d31b000 r-xp 00000000 08:05 4857610    /usr/lib/i386-linux-gnu/gvfs/libgvfscommon.so
5d31b000-5d31c000 ---p 00037000 08:05 4857610    /usr/lib/i386-linux-gnu/gvfs/libgvfscommon.so
5d31c000-5d31e000 r--p 00037000 08:05 4857610    /usr/lib/i386-linux-gnu/gvfs/libgvfscommon.so
5d31e000-5d31f000 rw-p 00039000 08:05 4857610    /usr/lib/i386-linux-gnu/gvfs/libgvfscommon.so
5d31f000-5d33a000 r-xp 00000000 08:05 4981038    /usr/lib/i386-linux-gnu/gio/modules/libgioremote-volume-monitor.so
5d33a000-5d33b000 ---p 0001b000 08:05 4981038    /usr/lib/i386-linux-gnu/gio/modules/libgioremote-volume-monitor.so
5d33b000-5d33c000 r--p 0001b000 08:05 4981038    /usr/lib/i386-linux-gnu/gio/modules/libgioremote-volume-monitor.so
5d33c000-5d33d000 rw-p 0001c000 08:05 4981038    /usr/lib/i386-linux-gnu/gio/modules/libgioremote-volume-monitor.so
5d33d000-5d39d000 rw-s 35b3d000 00:06 264        /dev/dri/card0
5d39d000-5d3cd000 rw-s 35b0d000 00:06 264        /dev/dri/card0
5d3cd000-5d54d000 rw-s 3598d000 00:06 264        /dev/dri/card0
5d54d000-5d6cd000 rw-s 3580d000 00:06 264        /dev/dri/card0
5d6cd000-5d7cd000 rw-p 00000000 00:00 0 
5d7cd000-5d7d5000 rw-s 00000000 00:05 69302      /drm mm object (deleted)
5d7d5000-5d7dd000 rw-s 00000000 00:05 69310      /drm mm object (deleted)
5d7dd000-5e1dd000 rw-s 34dfd000 00:06 264        /dev/dri/card0
5e1dd000-5e1e9000 rw-s 00000000 00:05 69744      /drm mm object (deleted)
5e1e9000-611e9000 rw-s 31dfd000 00:06 264        /dev/dri/card0
611e9000-611f9000 rw-s 2729d000 00:06 264        /dev/dri/card0
611f9000-61259000 rw-s 00000000 00:05 284033027  /SYSV00000000 (deleted)
61259000-6126c000 r--s 00344000 08:05 3412535    /home/victor/jdk1.8.0_91/jre/lib/resources.jar
6126c000-6126f000 ---p 00000000 00:00 0 
6126f000-612bd000 rw-p 00000000 00:00 0          [stack:3196]
612bd000-61376000 r--p 00000000 08:05 5900378    /usr/share/fonts/truetype/dejavu/DejaVuSans.ttf
61376000-613cb000 r--p 00000000 08:05 3412410    /home/victor/jdk1.8.0_91/jre/lib/fonts/LucidaBrightRegular.ttf
613cb000-61419000 r--p 00000000 08:05 3412430    /home/victor/jdk1.8.0_91/jre/lib/fonts/LucidaSansDemiBold.ttf
61419000-61455000 r--p 00000000 08:05 3412389    /home/victor/jdk1.8.0_91/jre/lib/fonts/LucidaTypewriterRegular.ttf
61455000-61500000 r--p 00000000 08:05 3412444    /home/victor/jdk1.8.0_91/jre/lib/fonts/LucidaSansRegular.ttf
61500000-615ff000 rw-p 00000000 00:00 0 
615ff000-61600000 ---p 00000000 00:00 0 
61600000-61700000 rw-p 00000000 00:00 0 
61700000-617f9000 rw-p 00000000 00:00 0 
617f9000-61800000 ---p 00000000 00:00 0 
61800000-61900000 rw-p 00000000 00:00 0 
61900000-619fc000 rw-p 00000000 00:00 0 
619fc000-61a00000 ---p 00000000 00:00 0 
61a00000-61a3a000 r--p 00000000 08:05 3412403    /home/victor/jdk1.8.0_91/jre/lib/fonts/LucidaTypewriterBold.ttf
61a3a000-61a42000 r--s 00000000 08:05 6310796    /var/cache/fontconfig/945677eb7aeaf62f1d50efc3fb3ec7d8-le32d4.cache-4
61a42000-61a46000 r--s 00000000 08:05 6310779    /var/cache/fontconfig/2cd17615ca594fa2959ae173292e504c-le32d4.cache-4
61a46000-61a47000 r--s 00000000 08:05 6310776    /var/cache/fontconfig/0d8c3b2ac0904cb8a57a757ad11a4a08-le32d4.cache-4
61a47000-61a4c000 r--s 00000000 08:05 6310800    /var/cache/fontconfig/a755afe4a08bf5b97852ceb7400b47bc-le32d4.cache-4
61a4c000-61a55000 r--s 00000000 08:05 6311553    /var/cache/fontconfig/6d41288fd70b0be22e8c3a91e032eec0-le32d4.cache-4
61a55000-61a56000 r--s 00000000 08:05 6310799    /var/cache/fontconfig/a6354e3ac43af67bd8d7b8e43c34e49f-le32d4.cache-4
61a56000-61a66000 r--s 00000000 08:05 6310774    /var/cache/fontconfig/04aabc0a78ac019cf9454389977116d2-le32d4.cache-4
61a66000-61a67000 r--s 00000000 08:05 6310778    /var/cache/fontconfig/1ac9eb803944fde146138c791f5cc56a-le32d4.cache-4
61a67000-61a6a000 r--s 00000000 08:05 6310782    /var/cache/fontconfig/385c0604a188198f04d133e54aba7fe7-le32d4.cache-4
61a6a000-61a6b000 r--s 00000000 08:05 6310810    /var/cache/fontconfig/dc05db6664285cc2f12bf69c139ae4c3-le32d4.cache-4
61a6b000-61a6d000 r--s 00000000 08:05 6310793    /var/cache/fontconfig/767a8244fc0220cfb567a839d0392e0b-le32d4.cache-4
61a6d000-61a6e000 r--s 00000000 08:05 6310784    /var/cache/fontconfig/4794a0821666d79190d59a36cb4f44b5-le32d4.cache-4
61a6e000-61a72000 r--s 00000000 08:05 6310795    /var/cache/fontconfig/8801497958630a81b71ace7c5f9b32a8-le32d4.cache-4
61a72000-61a73000 r--s 00000000 08:05 6310803    /var/cache/fontconfig/bab58bb527bb656aaa9f116d68a48d89-le32d4.cache-4
61a73000-61a78000 r--s 00000000 08:05 6310780    /var/cache/fontconfig/3047814df9a2f067bd2d96a2b9c36e5a-le32d4.cache-4
61a78000-61a79000 r--s 00000000 08:05 6310787    /var/cache/fontconfig/56cf4f4769d0f4abc89a4895d7bd3ae1-le32d4.cache-4
61a79000-61a89000 r--s 00000000 08:05 6310807    /var/cache/fontconfig/d52a8644073d54c13679302ca1180695-le32d4.cache-4
61a89000-61a91000 r--s 00000000 08:05 6310783    /var/cache/fontconfig/3f7329c5293ffd510edef78f73874cfd-le32d4.cache-4
61a91000-61a9a000 r--s 00000000 08:05 6311552    /var/cache/fontconfig/d589a48862398ed80a3d6066f4f56f4c-le32d4.cache-4
61a9a000-61a9b000 rw-p 00000000 00:00 0 
61a9b000-61a9c000 rw-s 00000000 00:05 69939      /drm mm object (deleted)
61a9c000-61a9d000 rw-s 00000000 00:05 69301      /drm mm object (deleted)
61a9d000-61aa5000 rw-s 00000000 00:05 69265      /drm mm object (deleted)
61aa5000-61aa6000 rw-s 00000000 00:05 69290      /drm mm object (deleted)
61aa6000-61ab9000 r--p 00000000 08:05 3412404    /home/victor/jdk1.8.0_91/jre/lib/fonts/LucidaBrightDemiBold.ttf
61ab9000-61acd000 r--p 00000000 08:05 3412428    /home/victor/jdk1.8.0_91/jre/lib/fonts/LucidaBrightItalic.ttf
61acd000-61ae0000 r--p 00000000 08:05 3412392    /home/victor/jdk1.8.0_91/jre/lib/fonts/LucidaBrightDemiItalic.ttf
61ae0000-61ae4000 r-xp 00000000 08:05 3412427    /home/victor/jdk1.8.0_91/jre/lib/i386/libjavafx_font_pango.so
61ae4000-61ae5000 rw-p 00003000 08:05 3412427    /home/victor/jdk1.8.0_91/jre/lib/i386/libjavafx_font_pango.so
61ae5000-61aea000 r--s 00084000 08:05 3412792    /home/victor/jdk1.8.0_91/jre/lib/jfr.jar
61aea000-61bea000 rw-p 00000000 00:00 0 
61bea000-61cea000 rw-p 00000000 00:00 0 
61cea000-61dea000 rw-p 00000000 00:00 0 
61dea000-61ded000 ---p 00000000 00:00 0 
61ded000-63071000 rw-p 00000000 00:00 0          [stack:3195]
63071000-63074000 ---p 00000000 00:00 0 
63074000-630c2000 rw-p 00000000 00:00 0          [stack:3194]
630c2000-630c5000 ---p 00000000 00:00 0 
630c5000-63113000 rw-p 00000000 00:00 0          [stack:3193]
63113000-6313d000 r-xp 00000000 08:05 4856505    /usr/lib/i386-linux-gnu/libvorbis.so.0.4.7
6313d000-6313f000 r--p 00029000 08:05 4856505    /usr/lib/i386-linux-gnu/libvorbis.so.0.4.7
6313f000-63140000 rw-p 0002b000 08:05 4856505    /usr/lib/i386-linux-gnu/libvorbis.so.0.4.7
63140000-6314a000 r-xp 00000000 08:05 4856099    /usr/lib/i386-linux-gnu/libltdl.so.7.3.0
6314a000-6314b000 r--p 00009000 08:05 4856099    /usr/lib/i386-linux-gnu/libltdl.so.7.3.0
6314b000-6314c000 rw-p 0000a000 08:05 4856099    /usr/lib/i386-linux-gnu/libltdl.so.7.3.0
6314c000-63162000 r-xp 00000000 08:05 4856421    /usr/lib/i386-linux-gnu/libtdb.so.1.3.5
63162000-63164000 r--p 00015000 08:05 4856421    /usr/lib/i386-linux-gnu/libtdb.so.1.3.5
63164000-63165000 rw-p 00017000 08:05 4856421    /usr/lib/i386-linux-gnu/libtdb.so.1.3.5
63165000-6316e000 r-xp 00000000 08:05 4856509    /usr/lib/i386-linux-gnu/libvorbisfile.so.3.3.6
6316e000-6316f000 r--p 00008000 08:05 4856509    /usr/lib/i386-linux-gnu/libvorbisfile.so.3.3.6
6316f000-63170000 rw-p 00009000 08:05 4856509    /usr/lib/i386-linux-gnu/libvorbisfile.so.3.3.6
63170000-63181000 r-xp 00000000 08:05 4855640    /usr/lib/i386-linux-gnu/libcanberra.so.0.2.5
63181000-63182000 r--p 00011000 08:05 4855640    /usr/lib/i386-linux-gnu/libcanberra.so.0.2.5
63182000-63183000 rw-p 00012000 08:05 4855640    /usr/lib/i386-linux-gnu/libcanberra.so.0.2.5
63183000-63184000 r--s 00000000 08:05 6310802    /var/cache/fontconfig/b9d506c9ac06c20b433354fa67a72993-le32d4.cache-4
63184000-63188000 r--s 00000000 08:05 6310801    /var/cache/fontconfig/b47c4e1ecd0709278f4910c18777a504-le32d4.cache-4
63188000-63189000 r--s 00000000 08:05 6310786    /var/cache/fontconfig/551ecf3b0e8b0bca0f25c0944f561853-le32d4.cache-4
63189000-6318a000 r--s 00000000 08:05 6310775    /var/cache/fontconfig/0c9eb80ebd1c36541ebe2852d3bb0c49-le32d4.cache-4
6318a000-6318c000 r--s 00000000 08:05 6310869    /var/cache/fontconfig/e13b20fdb08344e0e664864cc2ede53d-le32d4.cache-4
6318c000-6318f000 r--s 00000000 08:05 6310792    /var/cache/fontconfig/7ef2298fde41cc6eeb7af42e48b7d293-le32d4.cache-4
6318f000-63194000 r-xp 00000000 08:05 3412399    /home/victor/jdk1.8.0_91/jre/lib/i386/libjavafx_font_freetype.so
63194000-63195000 rw-p 00004000 08:05 3412399    /home/victor/jdk1.8.0_91/jre/lib/i386/libjavafx_font_freetype.so
63195000-63198000 r-xp 00000000 08:05 3412512    /home/victor/jdk1.8.0_91/jre/lib/i386/libjavafx_font.so
63198000-63199000 rw-p 00002000 08:05 3412512    /home/victor/jdk1.8.0_91/jre/lib/i386/libjavafx_font.so
63199000-631ce000 r-xp 00000000 08:05 4981057    /usr/lib/i386-linux-gnu/gtk-2.0/2.10.0/engines/libmurrine.so
631ce000-631cf000 r--p 00034000 08:05 4981057    /usr/lib/i386-linux-gnu/gtk-2.0/2.10.0/engines/libmurrine.so
631cf000-631d0000 rw-p 00035000 08:05 4981057    /usr/lib/i386-linux-gnu/gtk-2.0/2.10.0/engines/libmurrine.so
631d0000-631fa000 r--p 00000000 08:05 5772998    /usr/share/locale-langpack/es/LC_MESSAGES/gtk20-properties.mo
631fa000-6321e000 r-xp 00000000 08:05 3412629    /home/victor/jdk1.8.0_91/jre/lib/i386/libglass.so
6321e000-63220000 rw-p 00024000 08:05 3412629    /home/victor/jdk1.8.0_91/jre/lib/i386/libglass.so
63220000-63255000 r-xp 00000000 08:05 4856461    /usr/lib/i386-linux-gnu/libtxc_dxtn_s2tc.so.0.0.0
63255000-63256000 r--p 00034000 08:05 4856461    /usr/lib/i386-linux-gnu/libtxc_dxtn_s2tc.so.0.0.0
63256000-63257000 rw-p 00035000 08:05 4856461    /usr/lib/i386-linux-gnu/libtxc_dxtn_s2tc.so.0.0.0
63257000-6325e000 r-xp 00000000 08:05 4856216    /usr/lib/i386-linux-gnu/libogg.so.0.8.2
6325e000-6325f000 r--p 00006000 08:05 4856216    /usr/lib/i386-linux-gnu/libogg.so.0.8.2
6325f000-63260000 rw-p 00007000 08:05 4856216    /usr/lib/i386-linux-gnu/libogg.so.0.8.2
63260000-63264000 r-xp 00000000 08:05 4855636    /usr/lib/i386-linux-gnu/libcanberra-gtk.so.0.1.9
63264000-63265000 r--p 00003000 08:05 4855636    /usr/lib/i386-linux-gnu/libcanberra-gtk.so.0.1.9
63265000-63266000 rw-p 00004000 08:05 4855636    /usr/lib/i386-linux-gnu/libcanberra-gtk.so.0.1.9
63266000-6326b000 r-xp 00000000 08:05 4981076    /usr/lib/i386-linux-gnu/gtk-2.0/modules/libcanberra-gtk-module.so
6326b000-6326c000 r--p 00004000 08:05 4981076    /usr/lib/i386-linux-gnu/gtk-2.0/modules/libcanberra-gtk-module.so
6326c000-6326d000 rw-p 00005000 08:05 4981076    /usr/lib/i386-linux-gnu/gtk-2.0/modules/libcanberra-gtk-module.so
6326d000-63293000 r--p 00000000 08:05 5773054    /usr/share/locale-langpack/es/LC_MESSAGES/libc.mo
63293000-6329d000 r-xp 00000000 08:05 4856248    /usr/lib/i386-linux-gnu/libpciaccess.so.0.11.1
6329d000-6329e000 r--p 00009000 08:05 4856248    /usr/lib/i386-linux-gnu/libpciaccess.so.0.11.1
6329e000-6329f000 rw-p 0000a000 08:05 4856248    /usr/lib/i386-linux-gnu/libpciaccess.so.0.11.1
6329f000-632ab000 r-xp 00000000 08:05 4855761    /usr/lib/i386-linux-gnu/libdrm_radeon.so.1.0.1
632ab000-632ac000 r--p 0000b000 08:05 4855761    /usr/lib/i386-linux-gnu/libdrm_radeon.so.1.0.1
632ac000-632ad000 rw-p 0000c000 08:05 4855761    /usr/lib/i386-linux-gnu/libdrm_radeon.so.1.0.1
632ad000-632b3000 r-xp 00000000 08:05 4855759    /usr/lib/i386-linux-gnu/libdrm_nouveau.so.2.0.0
632b3000-632b4000 r--p 00005000 08:05 4855759    /usr/lib/i386-linux-gnu/libdrm_nouveau.so.2.0.0
632b4000-632b5000 rw-p 00006000 08:05 4855759    /usr/lib/i386-linux-gnu/libdrm_nouveau.so.2.0.0
632b5000-632d7000 r-xp 00000000 08:05 4855757    /usr/lib/i386-linux-gnu/libdrm_intel.so.1.0.0
632d7000-632d8000 r--p 00021000 08:05 4855757    /usr/lib/i386-linux-gnu/libdrm_intel.so.1.0.0
632d8000-632d9000 rw-p 00022000 08:05 4855757    /usr/lib/i386-linux-gnu/libdrm_intel.so.1.0.0
632d9000-6391a000 r-xp 00000000 08:05 4856834    /usr/lib/i386-linux-gnu/dri/i965_dri.so
6391a000-63935000 r--p 00640000 08:05 4856834    /usr/lib/i386-linux-gnu/dri/i965_dri.so
63935000-6393a000 rw-p 0065b000 08:05 4856834    /usr/lib/i386-linux-gnu/dri/i965_dri.so
6393a000-63940000 rw-p 00000000 00:00 0 
63940000-6395e000 r-xp 00000000 08:05 4588935    /lib/i386-linux-gnu/libudev.so.1.6.4
6395e000-6395f000 r--p 0001d000 08:05 4588935    /lib/i386-linux-gnu/libudev.so.1.6.4
6395f000-63960000 rw-p 0001e000 08:05 4588935    /lib/i386-linux-gnu/libudev.so.1.6.4
63960000-63967000 r-xp 00000000 08:05 4855716    /usr/lib/i386-linux-gnu/libdatrie.so.1.3.2
63967000-63968000 r--p 00006000 08:05 4855716    /usr/lib/i386-linux-gnu/libdatrie.so.1.3.2
63968000-63969000 rw-p 00007000 08:05 4855716    /usr/lib/i386-linux-gnu/libdatrie.so.1.3.2
63969000-6396e000 r-xp 00000000 08:05 4855501    /usr/lib/i386-linux-gnu/libXdmcp.so.6.0.0
6396e000-6396f000 r--p 00004000 08:05 4855501    /usr/lib/i386-linux-gnu/libXdmcp.so.6.0.0
6396f000-63970000 rw-p 00005000 08:05 4855501    /usr/lib/i386-linux-gnu/libXdmcp.so.6.0.0
63970000-63972000 r-xp 00000000 08:05 4855490    /usr/lib/i386-linux-gnu/libXau.so.6.0.0
63972000-63973000 r--p 00001000 08:05 4855490    /usr/lib/i386-linux-gnu/libXau.so.6.0.0
63973000-63974000 rw-p 00002000 08:05 4855490    /usr/lib/i386-linux-gnu/libXau.so.6.0.0
63974000-6398f000 r-xp 00000000 08:05 4855930    /usr/lib/i386-linux-gnu/libgraphite2.so.3.0.1
6398f000-63990000 r--p 0001b000 08:05 4855930    /usr/lib/i386-linux-gnu/libgraphite2.so.3.0.1
63990000-63991000 rw-p 0001c000 08:05 4855930    /usr/lib/i386-linux-gnu/libgraphite2.so.3.0.1
63991000-6399f000 r-xp 00000000 08:05 4855753    /usr/lib/i386-linux-gnu/libdrm.so.2.4.0
6399f000-639a0000 r--p 0000d000 08:05 4855753    /usr/lib/i386-linux-gnu/libdrm.so.2.4.0
639a0000-639a1000 rw-p 0000e000 08:05 4855753    /usr/lib/i386-linux-gnu/libdrm.so.2.4.0
639a1000-639a2000 r-xp 00000000 08:05 4856598    /usr/lib/i386-linux-gnu/libxshmfence.so.1.0.0
639a2000-639a3000 r--p 00000000 08:05 4856598    /usr/lib/i386-linux-gnu/libxshmfence.so.1.0.0
639a3000-639a4000 rw-p 00001000 08:05 4856598    /usr/lib/i386-linux-gnu/libxshmfence.so.1.0.0
639a4000-639a9000 r-xp 00000000 08:05 4856576    /usr/lib/i386-linux-gnu/libxcb-sync.so.1.0.0
639a9000-639aa000 ---p 00005000 08:05 4856576    /usr/lib/i386-linux-gnu/libxcb-sync.so.1.0.0
639aa000-639ab000 r--p 00005000 08:05 4856576    /usr/lib/i386-linux-gnu/libxcb-sync.so.1.0.0
639ab000-639ac000 rw-p 00006000 08:05 4856576    /usr/lib/i386-linux-gnu/libxcb-sync.so.1.0.0
639ac000-639ae000 r-xp 00000000 08:05 4856564    /usr/lib/i386-linux-gnu/libxcb-present.so.0.0.0
639ae000-639af000 r--p 00001000 08:05 4856564    /usr/lib/i386-linux-gnu/libxcb-present.so.0.0.0
639af000-639b0000 rw-p 00002000 08:05 4856564    /usr/lib/i386-linux-gnu/libxcb-present.so.0.0.0
639b0000-639b2000 r-xp 00000000 08:05 4856554    /usr/lib/i386-linux-gnu/libxcb-dri3.so.0.0.0
639b2000-639b3000 r--p 00001000 08:05 4856554    /usr/lib/i386-linux-gnu/libxcb-dri3.so.0.0.0
639b3000-639b4000 rw-p 00002000 08:05 4856554    /usr/lib/i386-linux-gnu/libxcb-dri3.so.0.0.0
639b4000-639b8000 r-xp 00000000 08:05 4856552    /usr/lib/i386-linux-gnu/libxcb-dri2.so.0.0.0
639b8000-639b9000 r--p 00003000 08:05 4856552    /usr/lib/i386-linux-gnu/libxcb-dri2.so.0.0.0
639b9000-639ba000 rw-p 00004000 08:05 4856552    /usr/lib/i386-linux-gnu/libxcb-dri2.so.0.0.0
639ba000-639d2000 r-xp 00000000 08:05 4856556    /usr/lib/i386-linux-gnu/libxcb-glx.so.0.0.0
639d2000-639d3000 ---p 00018000 08:05 4856556    /usr/lib/i386-linux-gnu/libxcb-glx.so.0.0.0
639d3000-639d4000 r--p 00018000 08:05 4856556    /usr/lib/i386-linux-gnu/libxcb-glx.so.0.0.0
639d4000-639d5000 rw-p 00019000 08:05 4856556    /usr/lib/i386-linux-gnu/libxcb-glx.so.0.0.0
639d5000-639d6000 r-xp 00000000 08:05 4855484    /usr/lib/i386-linux-gnu/libX11-xcb.so.1.0.0
639d6000-639d7000 r--p 00000000 08:05 4855484    /usr/lib/i386-linux-gnu/libX11-xcb.so.1.0.0
639d7000-639d8000 rw-p 00001000 08:05 4855484    /usr/lib/i386-linux-gnu/libX11-xcb.so.1.0.0
639d8000-639eb000 r-xp 00000000 08:05 4855888    /usr/lib/i386-linux-gnu/libglapi.so.0.0.0
639eb000-639ed000 r--p 00012000 08:05 4855888    /usr/lib/i386-linux-gnu/libglapi.so.0.0.0
639ed000-639f3000 rwxp 00014000 08:05 4855888    /usr/lib/i386-linux-gnu/libglapi.so.0.0.0
639f3000-63a64000 r-xp 00000000 08:05 4588890    /lib/i386-linux-gnu/libpcre.so.3.13.1
63a64000-63a65000 r--p 00070000 08:05 4588890    /lib/i386-linux-gnu/libpcre.so.3.13.1
63a65000-63a66000 rw-p 00071000 08:05 4588890    /lib/i386-linux-gnu/libpcre.so.3.13.1
63a66000-63a6d000 r-xp 00000000 08:05 4855793    /usr/lib/i386-linux-gnu/libffi.so.6.0.4
63a6d000-63a6f000 r--p 00006000 08:05 4855793    /usr/lib/i386-linux-gnu/libffi.so.6.0.4
63a6f000-63a70000 rw-p 00008000 08:05 4855793    /usr/lib/i386-linux-gnu/libffi.so.6.0.4
63a70000-63a96000 r-xp 00000000 08:05 4588796    /lib/i386-linux-gnu/libexpat.so.1.6.0
63a96000-63a98000 r--p 00025000 08:05 4588796    /lib/i386-linux-gnu/libexpat.so.1.6.0
63a98000-63a99000 rw-p 00027000 08:05 4588796    /lib/i386-linux-gnu/libexpat.so.1.6.0
63a99000-63aa1000 r-xp 00000000 08:05 4856433    /usr/lib/i386-linux-gnu/libthai.so.0.2.2
63aa1000-63aa2000 r--p 00007000 08:05 4856433    /usr/lib/i386-linux-gnu/libthai.so.0.2.2
63aa2000-63aa3000 rw-p 00008000 08:05 4856433    /usr/lib/i386-linux-gnu/libthai.so.0.2.2
63aa3000-63ac6000 r-xp 00000000 08:05 4856588    /usr/lib/i386-linux-gnu/libxcb.so.1.1.0
63ac6000-63ac7000 r--p 00022000 08:05 4856588    /usr/lib/i386-linux-gnu/libxcb.so.1.1.0
63ac7000-63ac8000 rw-p 00023000 08:05 4856588    /usr/lib/i386-linux-gnu/libxcb.so.1.1.0
63ac8000-63ad1000 r-xp 00000000 08:05 4856570    /usr/lib/i386-linux-gnu/libxcb-render.so.0.0.0
63ad1000-63ad2000 r--p 00008000 08:05 4856570    /usr/lib/i386-linux-gnu/libxcb-render.so.0.0.0
63ad2000-63ad3000 rw-p 00009000 08:05 4856570    /usr/lib/i386-linux-gnu/libxcb-render.so.0.0.0
63ad3000-63ad5000 r-xp 00000000 08:05 4856574    /usr/lib/i386-linux-gnu/libxcb-shm.so.0.0.0
63ad5000-63ad6000 r--p 00001000 08:05 4856574    /usr/lib/i386-linux-gnu/libxcb-shm.so.0.0.0
63ad6000-63ad7000 rw-p 00002000 08:05 4856574    /usr/lib/i386-linux-gnu/libxcb-shm.so.0.0.0
63ad7000-63b01000 r-xp 00000000 08:05 4588902    /lib/i386-linux-gnu/libpng12.so.0.51.0
63b01000-63b02000 r--p 00029000 08:05 4588902    /lib/i386-linux-gnu/libpng12.so.0.51.0
63b02000-63b03000 rw-p 0002a000 08:05 4588902    /lib/i386-linux-gnu/libpng12.so.0.51.0
63b03000-63bae000 r-xp 00000000 08:05 4856257    /usr/lib/i386-linux-gnu/libpixman-1.so.0.32.6
63bae000-63bb5000 r--p 000aa000 08:05 4856257    /usr/lib/i386-linux-gnu/libpixman-1.so.0.32.6
63bb5000-63bb6000 rw-p 000b1000 08:05 4856257    /usr/lib/i386-linux-gnu/libpixman-1.so.0.32.6
63bb6000-63c18000 r-xp 00000000 08:05 4856011    /usr/lib/i386-linux-gnu/libharfbuzz.so.0.10000.1
63c18000-63c19000 r--p 00061000 08:05 4856011    /usr/lib/i386-linux-gnu/libharfbuzz.so.0.10000.1
63c19000-63c1a000 rw-p 00062000 08:05 4856011    /usr/lib/i386-linux-gnu/libharfbuzz.so.0.10000.1
63c1a000-63c2e000 r-xp 00000000 08:05 4588913    /lib/i386-linux-gnu/libresolv-2.21.so
63c2e000-63c30000 r--p 00013000 08:05 4588913    /lib/i386-linux-gnu/libresolv-2.21.so
63c30000-63c31000 rw-p 00015000 08:05 4588913    /lib/i386-linux-gnu/libresolv-2.21.so
63c31000-63c33000 rw-p 00000000 00:00 0 
63c33000-63c58000 r-xp 00000000 08:05 4588919    /lib/i386-linux-gnu/libselinux.so.1
63c58000-63c59000 r--p 00024000 08:05 4588919    /lib/i386-linux-gnu/libselinux.so.1
63c59000-63c5a000 rw-p 00025000 08:05 4588919    /lib/i386-linux-gnu/libselinux.so.1
63c5a000-63c5b000 rw-p 00000000 00:00 0 
63c5b000-63c74000 r-xp 00000000 08:05 4588949    /lib/i386-linux-gnu/libz.so.1.2.8
63c74000-63c75000 r--p 00018000 08:05 4588949    /lib/i386-linux-gnu/libz.so.1.2.8
63c75000-63c76000 rw-p 00019000 08:05 4588949    /lib/i386-linux-gnu/libz.so.1.2.8
63c76000-63c89000 r-xp 00000000 08:05 4855503    /usr/lib/i386-linux-gnu/libXext.so.6.4.0
63c89000-63c8a000 r--p 00012000 08:05 4855503    /usr/lib/i386-linux-gnu/libXext.so.6.4.0
63c8a000-63c8b000 rw-p 00013000 08:05 4855503    /usr/lib/i386-linux-gnu/libXext.so.6.4.0
63c8b000-63c94000 r-xp 00000000 08:05 4855497    /usr/lib/i386-linux-gnu/libXcursor.so.1.0.2
63c94000-63c95000 r--p 00008000 08:05 4855497    /usr/lib/i386-linux-gnu/libXcursor.so.1.0.2
63c95000-63c96000 rw-p 00009000 08:05 4855497    /usr/lib/i386-linux-gnu/libXcursor.so.1.0.2
63c96000-63ca1000 r-xp 00000000 08:05 4855521    /usr/lib/i386-linux-gnu/libXrandr.so.2.2.0
63ca1000-63ca2000 r--p 0000a000 08:05 4855521    /usr/lib/i386-linux-gnu/libXrandr.so.2.2.0
63ca2000-63ca3000 rw-p 0000b000 08:05 4855521    /usr/lib/i386-linux-gnu/libXrandr.so.2.2.0
63ca3000-63cb3000 r-xp 00000000 08:05 4855511    /usr/lib/i386-linux-gnu/libXi.so.6.1.0
63cb3000-63cb4000 r--p 00010000 08:05 4855511    /usr/lib/i386-linux-gnu/libXi.so.6.1.0
63cb4000-63cb5000 rw-p 00011000 08:05 4855511    /usr/lib/i386-linux-gnu/libXi.so.6.1.0
63cb5000-63cd1000 r-xp 00000000 08:05 4588803    /lib/i386-linux-gnu/libgcc_s.so.1
63cd1000-63cd2000 r--p 0001b000 08:05 4588803    /lib/i386-linux-gnu/libgcc_s.so.1
63cd2000-63cd3000 rw-p 0001c000 08:05 4588803    /lib/i386-linux-gnu/libgcc_s.so.1
63cd3000-63e40000 r-xp 00000000 08:05 4856411    /usr/lib/i386-linux-gnu/libstdc++.so.6.0.21
63e40000-63e41000 ---p 0016d000 08:05 4856411    /usr/lib/i386-linux-gnu/libstdc++.so.6.0.21
63e41000-63e46000 r--p 0016d000 08:05 4856411    /usr/lib/i386-linux-gnu/libstdc++.so.6.0.21
63e46000-63e47000 rw-p 00172000 08:05 4856411    /usr/lib/i386-linux-gnu/libstdc++.so.6.0.21
63e47000-63e4a000 rw-p 00000000 00:00 0 
63e4a000-63eec000 r-xp 00000000 08:05 4857628    /usr/lib/i386-linux-gnu/mesa/libGL.so.1.2.0
63eec000-63eed000 ---p 000a2000 08:05 4857628    /usr/lib/i386-linux-gnu/mesa/libGL.so.1.2.0
63eed000-63eef000 r--p 000a2000 08:05 4857628    /usr/lib/i386-linux-gnu/mesa/libGL.so.1.2.0
63eef000-63ef4000 rwxp 000a4000 08:05 4857628    /usr/lib/i386-linux-gnu/mesa/libGL.so.1.2.0
63ef4000-6403a000 r-xp 00000000 08:05 4855486    /usr/lib/i386-linux-gnu/libX11.so.6.3.0
6403a000-6403b000 ---p 00146000 08:05 4855486    /usr/lib/i386-linux-gnu/libX11.so.6.3.0
6403b000-6403c000 r--p 00146000 08:05 4855486    /usr/lib/i386-linux-gnu/libX11.so.6.3.0
6403c000-6403e000 rw-p 00147000 08:05 4855486    /usr/lib/i386-linux-gnu/libX11.so.6.3.0
6403e000-6403f000 rw-p 00000000 00:00 0 
6403f000-64164000 r-xp 00000000 08:05 4588807    /lib/i386-linux-gnu/libglib-2.0.so.0.4600.1
64164000-64165000 r--p 00124000 08:05 4588807    /lib/i386-linux-gnu/libglib-2.0.so.0.4600.1
64165000-64166000 rw-p 00125000 08:05 4588807    /lib/i386-linux-gnu/libglib-2.0.so.0.4600.1
64166000-641c2000 r-xp 00000000 08:05 4855912    /usr/lib/i386-linux-gnu/libgobject-2.0.so.0.4600.1
641c2000-641c3000 ---p 0005c000 08:05 4855912    /usr/lib/i386-linux-gnu/libgobject-2.0.so.0.4600.1
641c3000-641c4000 r--p 0005c000 08:05 4855912    /usr/lib/i386-linux-gnu/libgobject-2.0.so.0.4600.1
641c4000-641c5000 rw-p 0005d000 08:05 4855912    /usr/lib/i386-linux-gnu/libgobject-2.0.so.0.4600.1
641c5000-64206000 r-xp 00000000 08:05 4855807    /usr/lib/i386-linux-gnu/libfontconfig.so.1.8.0
64206000-64207000 r--p 00040000 08:05 4855807    /usr/lib/i386-linux-gnu/libfontconfig.so.1.8.0
64207000-64208000 rw-p 00041000 08:05 4855807    /usr/lib/i386-linux-gnu/libfontconfig.so.1.8.0
64208000-642b0000 r-xp 00000000 08:05 4855817    /usr/lib/i386-linux-gnu/libfreetype.so.6.11.1
642b0000-642b4000 r--p 000a7000 08:05 4855817    /usr/lib/i386-linux-gnu/libfreetype.so.6.11.1
642b4000-642b5000 rw-p 000ab000 08:05 4855817    /usr/lib/i386-linux-gnu/libfreetype.so.6.11.1
642b5000-64305000 r-xp 00000000 08:05 4856232    /usr/lib/i386-linux-gnu/libpango-1.0.so.0.3600.8
64305000-64306000 r--p 00050000 08:05 4856232    /usr/lib/i386-linux-gnu/libpango-1.0.so.0.3600.8
64306000-64307000 rw-p 00051000 08:05 4856232    /usr/lib/i386-linux-gnu/libpango-1.0.so.0.3600.8
64307000-64444000 r-xp 00000000 08:05 4855631    /usr/lib/i386-linux-gnu/libcairo.so.2.11400.2
64444000-64446000 r--p 0013c000 08:05 4855631    /usr/lib/i386-linux-gnu/libcairo.so.2.11400.2
64446000-64447000 rw-p 0013e000 08:05 4855631    /usr/lib/i386-linux-gnu/libcairo.so.2.11400.2
64447000-64448000 rw-p 00000000 00:00 0 
64448000-64605000 r-xp 00000000 08:05 4855882    /usr/lib/i386-linux-gnu/libgio-2.0.so.0.4600.1
64605000-64606000 ---p 001bd000 08:05 4855882    /usr/lib/i386-linux-gnu/libgio-2.0.so.0.4600.1
64606000-64608000 r--p 001bd000 08:05 4855882    /usr/lib/i386-linux-gnu/libgio-2.0.so.0.4600.1
64608000-64609000 rw-p 001bf000 08:05 4855882    /usr/lib/i386-linux-gnu/libgio-2.0.so.0.4600.1
64609000-6460a000 rw-p 00000000 00:00 0 
6460a000-64af7000 r-xp 00000000 08:05 4855984    /usr/lib/i386-linux-gnu/libgtk-x11-2.0.so.0.2400.28
64af7000-64af8000 ---p 004ed000 08:05 4855984    /usr/lib/i386-linux-gnu/libgtk-x11-2.0.so.0.2400.28
64af8000-64afc000 r--p 004ed000 08:05 4855984    /usr/lib/i386-linux-gnu/libgtk-x11-2.0.so.0.2400.28
64afc000-64afe000 rw-p 004f1000 08:05 4855984    /usr/lib/i386-linux-gnu/libgtk-x11-2.0.so.0.2400.28
64afe000-64b00000 rw-p 00000000 00:00 0 
64b00000-64ba1000 rw-p 00000000 00:00 0 
64ba1000-64c00000 ---p 00000000 00:00 0 
64c00000-64c02000 r-xp 00000000 08:05 4855499    /usr/lib/i386-linux-gnu/libXdamage.so.1.1.0
64c02000-64c03000 r--p 00001000 08:05 4855499    /usr/lib/i386-linux-gnu/libXdamage.so.1.1.0
64c03000-64c04000 rw-p 00002000 08:05 4855499    /usr/lib/i386-linux-gnu/libXdamage.so.1.1.0
64c04000-64c0e000 r-xp 00000000 08:05 4855523    /usr/lib/i386-linux-gnu/libXrender.so.1.3.0
64c0e000-64c0f000 r--p 00009000 08:05 4855523    /usr/lib/i386-linux-gnu/libXrender.so.1.3.0
64c0f000-64c10000 rw-p 0000a000 08:05 4855523    /usr/lib/i386-linux-gnu/libXrender.so.1.3.0
64c10000-64c15000 r-xp 00000000 08:05 4855505    /usr/lib/i386-linux-gnu/libXfixes.so.3.1.0
64c15000-64c16000 r--p 00004000 08:05 4855505    /usr/lib/i386-linux-gnu/libXfixes.so.3.1.0
64c16000-64c17000 rw-p 00005000 08:05 4855505    /usr/lib/i386-linux-gnu/libXfixes.so.3.1.0
64c17000-64c3d000 r-xp 00000000 08:05 4855852    /usr/lib/i386-linux-gnu/libgdk_pixbuf-2.0.so.0.3200.1
64c3d000-64c3e000 ---p 00026000 08:05 4855852    /usr/lib/i386-linux-gnu/libgdk_pixbuf-2.0.so.0.3200.1
64c3e000-64c3f000 r--p 00026000 08:05 4855852    /usr/lib/i386-linux-gnu/libgdk_pixbuf-2.0.so.0.3200.1
64c3f000-64c40000 rw-p 00027000 08:05 4855852    /usr/lib/i386-linux-gnu/libgdk_pixbuf-2.0.so.0.3200.1
64c40000-64cfd000 r-xp 00000000 08:05 4855850    /usr/lib/i386-linux-gnu/libgdk-x11-2.0.so.0.2400.28
64cfd000-64cff000 r--p 000bc000 08:05 4855850    /usr/lib/i386-linux-gnu/libgdk-x11-2.0.so.0.2400.28
64cff000-64d00000 rw-p 000be000 08:05 4855850    /usr/lib/i386-linux-gnu/libgdk-x11-2.0.so.0.2400.28
64d00000-64dfe000 rw-p 00000000 00:00 0 
64dfe000-64e00000 ---p 00000000 00:00 0 
64e00000-64e02000 r-xp 00000000 08:05 4855495    /usr/lib/i386-linux-gnu/libXcomposite.so.1.0.0
64e02000-64e03000 r--p 00001000 08:05 4855495    /usr/lib/i386-linux-gnu/libXcomposite.so.1.0.0
64e03000-64e04000 rw-p 00002000 08:05 4855495    /usr/lib/i386-linux-gnu/libXcomposite.so.1.0.0
64e04000-64e19000 r-xp 00000000 08:05 4856236    /usr/lib/i386-linux-gnu/libpangoft2-1.0.so.0.3600.8
64e19000-64e1a000 r--p 00015000 08:05 4856236    /usr/lib/i386-linux-gnu/libpangoft2-1.0.so.0.3600.8
64e1a000-64e1b000 rw-p 00016000 08:05 4856236    /usr/lib/i386-linux-gnu/libpangoft2-1.0.so.0.3600.8
64e1b000-64e3f000 r-xp 00000000 08:05 4855578    /usr/lib/i386-linux-gnu/libatk-1.0.so.0.21609.1
64e3f000-64e41000 r--p 00023000 08:05 4855578    /usr/lib/i386-linux-gnu/libatk-1.0.so.0.21609.1
64e41000-64e42000 rw-p 00025000 08:05 4855578    /usr/lib/i386-linux-gnu/libatk-1.0.so.0.21609.1
64e42000-64e45000 ---p 00000000 00:00 0 
64e45000-64e93000 rw-p 00000000 00:00 0          [stack:3192]
64e93000-64f28000 r--s 01103000 08:05 3412695    /home/victor/jdk1.8.0_91/jre/lib/ext/jfxrt.jar
64f28000-64f29000 ---p 00000000 00:00 0 
64f29000-64fa9000 rw-p 00000000 00:00 0          [stack:3189]
64fa9000-64fac000 ---p 00000000 00:00 0 
64fac000-64ffa000 rw-p 00000000 00:00 0          [stack:3188]
64ffa000-64ffd000 ---p 00000000 00:00 0 
64ffd000-6507b000 rw-p 00000000 00:00 0          [stack:3187]
6507b000-6507e000 ---p 00000000 00:00 0 
6507e000-650fc000 rw-p 00000000 00:00 0          [stack:3186]
650fc000-650ff000 ---p 00000000 00:00 0 
650ff000-6514d000 rw-p 00000000 00:00 0          [stack:3185]
6514d000-6527e000 r--p 005e3000 08:05 4858159    /usr/lib/locale/locale-archive
6527e000-6547e000 r--p 00000000 08:05 4858159    /usr/lib/locale/locale-archive
6547e000-65481000 ---p 00000000 00:00 0 
65481000-654cf000 rw-p 00000000 00:00 0          [stack:3184]
654cf000-654d2000 ---p 00000000 00:00 0 
654d2000-65520000 rw-p 00000000 00:00 0          [stack:3183]
65520000-65521000 ---p 00000000 00:00 0 
65521000-655a1000 rw-p 00000000 00:00 0          [stack:3182]
655a1000-6577a000 r--s 03d1f000 08:05 3412805    /home/victor/jdk1.8.0_91/jre/lib/rt.jar
6577a000-65bc0000 rw-p 00000000 00:00 0 
65bc0000-65bc6000 ---p 00000000 00:00 0 
65bc6000-67f00000 rw-p 00000000 00:00 0 
67f00000-67ffd000 rw-p 00000000 00:00 0 
67ffd000-68000000 ---p 00000000 00:00 0 
68000000-68100000 rw-p 00000000 00:00 0 
68100000-681ff000 rw-p 00000000 00:00 0 
681ff000-68200000 ---p 00000000 00:00 0 
68200000-68202000 r-xp 00000000 08:05 4855513    /usr/lib/i386-linux-gnu/libXinerama.so.1.0.0
68202000-68203000 r--p 00001000 08:05 4855513    /usr/lib/i386-linux-gnu/libXinerama.so.1.0.0
68203000-68204000 rw-p 00002000 08:05 4855513    /usr/lib/i386-linux-gnu/libXinerama.so.1.0.0
68204000-68209000 r-xp 00000000 08:05 4855539    /usr/lib/i386-linux-gnu/libXxf86vm.so.1.0.0
68209000-6820a000 r--p 00004000 08:05 4855539    /usr/lib/i386-linux-gnu/libXxf86vm.so.1.0.0
6820a000-6820b000 rw-p 00005000 08:05 4855539    /usr/lib/i386-linux-gnu/libXxf86vm.so.1.0.0
6820b000-68210000 r-xp 00000000 08:05 4855529    /usr/lib/i386-linux-gnu/libXtst.so.6.1.0
68210000-68211000 r--p 00004000 08:05 4855529    /usr/lib/i386-linux-gnu/libXtst.so.6.1.0
68211000-68212000 rw-p 00005000 08:05 4855529    /usr/lib/i386-linux-gnu/libXtst.so.6.1.0
68212000-68303000 rw-p 00000000 00:00 0 
68303000-6840a000 ---p 00000000 00:00 0 
6840a000-68451000 rw-p 00000000 00:00 0 
68451000-68558000 ---p 00000000 00:00 0 
68558000-685e2000 rw-p 00000000 00:00 0 
685e2000-685ff000 ---p 00000000 00:00 0 
685ff000-71380000 rw-p 00000000 00:00 0 
71380000-92200000 ---p 00000000 00:00 0 
92200000-a3540000 rw-p 00000000 00:00 0 
a3540000-a7000000 ---p 00000000 00:00 0 
a7000000-a7002000 r--s 0000e000 08:05 3670338    /home/victor/del2/Deliverable2/dist/run1720707816/lib/jGPX.jar
a7002000-a700e000 r-xp 00000000 08:05 4856234    /usr/lib/i386-linux-gnu/libpangocairo-1.0.so.0.3600.8
a700e000-a700f000 r--p 0000b000 08:05 4856234    /usr/lib/i386-linux-gnu/libpangocairo-1.0.so.0.3600.8
a700f000-a7010000 rw-p 0000c000 08:05 4856234    /usr/lib/i386-linux-gnu/libpangocairo-1.0.so.0.3600.8
a7010000-a701f000 r--p 00000000 08:05 5772999    /usr/share/locale-langpack/es/LC_MESSAGES/gtk20.mo
a701f000-a7026000 r--s 00000000 08:05 4857175    /usr/lib/i386-linux-gnu/gconv/gconv-modules.cache
a7026000-a703e000 rw-p 00000000 00:00 0 
a703e000-a703f000 ---p 00000000 00:00 0 
a703f000-a70bf000 rw-p 00000000 00:00 0          [stack:3181]
a70bf000-a70c0000 ---p 00000000 00:00 0 
a70c0000-a716a000 rw-p 00000000 00:00 0          [stack:3180]
a716a000-a7500000 ---p 00000000 00:00 0 
a7500000-a7f60000 rwxp 00000000 00:00 0 
a7f60000-b6500000 ---p 00000000 00:00 0 
b6500000-b65f9000 rw-p 00000000 00:00 0 
b65f9000-b6600000 ---p 00000000 00:00 0 
b6600000-b6601000 r--s 00000000 08:05 6310790    /var/cache/fontconfig/62f91419b9ebdb6975e7e41ab6412357-le32d4.cache-4
b6601000-b661a000 r-xp 00000000 08:05 3412672    /home/victor/jdk1.8.0_91/jre/lib/i386/libzip.so
b661a000-b661b000 rw-p 00019000 08:05 3412672    /home/victor/jdk1.8.0_91/jre/lib/i386/libzip.so
b661b000-b6627000 r-xp 00000000 08:05 4588859    /lib/i386-linux-gnu/libnss_files-2.21.so
b6627000-b6628000 r--p 0000b000 08:05 4588859    /lib/i386-linux-gnu/libnss_files-2.21.so
b6628000-b6629000 rw-p 0000c000 08:05 4588859    /lib/i386-linux-gnu/libnss_files-2.21.so
b6629000-b6634000 r-xp 00000000 08:05 4588870    /lib/i386-linux-gnu/libnss_nis-2.21.so
b6634000-b6635000 r--p 0000a000 08:05 4588870    /lib/i386-linux-gnu/libnss_nis-2.21.so
b6635000-b6636000 rw-p 0000b000 08:05 4588870    /lib/i386-linux-gnu/libnss_nis-2.21.so
b6636000-b664d000 r-xp 00000000 08:05 4588853    /lib/i386-linux-gnu/libnsl-2.21.so
b664d000-b664e000 r--p 00016000 08:05 4588853    /lib/i386-linux-gnu/libnsl-2.21.so
b664e000-b664f000 rw-p 00017000 08:05 4588853    /lib/i386-linux-gnu/libnsl-2.21.so
b664f000-b6651000 rw-p 00000000 00:00 0 
b6651000-b6659000 r-xp 00000000 08:05 4588855    /lib/i386-linux-gnu/libnss_compat-2.21.so
b6659000-b665a000 r--p 00007000 08:05 4588855    /lib/i386-linux-gnu/libnss_compat-2.21.so
b665a000-b665b000 rw-p 00008000 08:05 4588855    /lib/i386-linux-gnu/libnss_compat-2.21.so
b665b000-b665c000 r-xp 00000000 08:05 4855980    /usr/lib/i386-linux-gnu/libgthread-2.0.so.0.4600.1
b665c000-b665d000 r--p 00000000 08:05 4855980    /usr/lib/i386-linux-gnu/libgthread-2.0.so.0.4600.1
b665d000-b665e000 rw-p 00001000 08:05 4855980    /usr/lib/i386-linux-gnu/libgthread-2.0.so.0.4600.1
b665e000-b6661000 r-xp 00000000 08:05 4855896    /usr/lib/i386-linux-gnu/libgmodule-2.0.so.0.4600.1
b6661000-b6662000 r--p 00002000 08:05 4855896    /usr/lib/i386-linux-gnu/libgmodule-2.0.so.0.4600.1
b6662000-b6663000 rw-p 00003000 08:05 4855896    /usr/lib/i386-linux-gnu/libgmodule-2.0.so.0.4600.1
b6663000-b666e000 r-xp 00000000 08:05 3412557    /home/victor/jdk1.8.0_91/jre/lib/i386/libprism_es2.so
b666e000-b666f000 rw-p 0000a000 08:05 3412557    /home/victor/jdk1.8.0_91/jre/lib/i386/libprism_es2.so
b666f000-b6670000 r--s 000f7000 08:05 3540670    /home/victor/del2/Deliverable2/dist/run1720707816/Deliverable2.jar
b6670000-b6671000 r--p 0084c000 08:05 4858159    /usr/lib/locale/locale-archive
b6671000-b6695000 r-xp 00000000 08:05 3412653    /home/victor/jdk1.8.0_91/jre/lib/i386/libjava.so
b6695000-b6696000 rw-p 00023000 08:05 3412653    /home/victor/jdk1.8.0_91/jre/lib/i386/libjava.so
b6696000-b669d000 r-xp 00000000 08:05 4588915    /lib/i386-linux-gnu/librt-2.21.so
b669d000-b669e000 r--p 00006000 08:05 4588915    /lib/i386-linux-gnu/librt-2.21.so
b669e000-b669f000 rw-p 00007000 08:05 4588915    /lib/i386-linux-gnu/librt-2.21.so
b669f000-b66a2000 ---p 00000000 00:00 0 
b66a2000-b66f0000 rw-p 00000000 00:00 0          [stack:3177]
b66f0000-b673b000 r-xp 00000000 08:05 4588832    /lib/i386-linux-gnu/libm-2.21.so
b673b000-b673c000 r--p 0004a000 08:05 4588832    /lib/i386-linux-gnu/libm-2.21.so
b673c000-b673d000 rw-p 0004b000 08:05 4588832    /lib/i386-linux-gnu/libm-2.21.so
b673d000-b70c0000 r-xp 00000000 08:05 3412526    /home/victor/jdk1.8.0_91/jre/lib/i386/server/libjvm.so
b70c0000-b712d000 rw-p 00983000 08:05 3412526    /home/victor/jdk1.8.0_91/jre/lib/i386/server/libjvm.so
b712d000-b7556000 rw-p 00000000 00:00 0 
b7556000-b770a000 r-xp 00000000 08:05 4588772    /lib/i386-linux-gnu/libc-2.21.so
b770a000-b770d000 r--p 001b3000 08:05 4588772    /lib/i386-linux-gnu/libc-2.21.so
b770d000-b770f000 rw-p 001b6000 08:05 4588772    /lib/i386-linux-gnu/libc-2.21.so
b770f000-b7711000 rw-p 00000000 00:00 0 
b7711000-b7714000 r-xp 00000000 08:05 4588789    /lib/i386-linux-gnu/libdl-2.21.so
b7714000-b7715000 r--p 00002000 08:05 4588789    /lib/i386-linux-gnu/libdl-2.21.so
b7715000-b7716000 rw-p 00003000 08:05 4588789    /lib/i386-linux-gnu/libdl-2.21.so
b7716000-b772a000 r-xp 00000000 08:05 3412596    /home/victor/jdk1.8.0_91/jre/lib/i386/jli/libjli.so
b772a000-b772b000 rw-p 00014000 08:05 3412596    /home/victor/jdk1.8.0_91/jre/lib/i386/jli/libjli.so
b772b000-b772c000 rw-p 00000000 00:00 0 
b772c000-b7745000 r-xp 00000000 08:05 4588907    /lib/i386-linux-gnu/libpthread-2.21.so
b7745000-b7746000 r--p 00018000 08:05 4588907    /lib/i386-linux-gnu/libpthread-2.21.so
b7746000-b7747000 rw-p 00019000 08:05 4588907    /lib/i386-linux-gnu/libpthread-2.21.so
b7747000-b7749000 rw-p 00000000 00:00 0 
b7749000-b7751000 rw-s 00000000 08:05 396172     /tmp/hsperfdata_victor/3175
b7751000-b7752000 rw-p 00000000 00:00 0 
b7752000-b7753000 r--p 00000000 00:00 0 
b7753000-b775e000 r-xp 00000000 08:05 3412611    /home/victor/jdk1.8.0_91/jre/lib/i386/libverify.so
b775e000-b775f000 rw-p 0000b000 08:05 3412611    /home/victor/jdk1.8.0_91/jre/lib/i386/libverify.so
b775f000-b7761000 rw-p 00000000 00:00 0 
b7761000-b7763000 r--p 00000000 00:00 0          [vvar]
b7763000-b7764000 r-xp 00000000 00:00 0          [vdso]
b7764000-b7786000 r-xp 00000000 08:05 4588744    /lib/i386-linux-gnu/ld-2.21.so
b7786000-b7787000 r--p 00021000 08:05 4588744    /lib/i386-linux-gnu/ld-2.21.so
b7787000-b7788000 rw-p 00022000 08:05 4588744    /lib/i386-linux-gnu/ld-2.21.so
bfe85000-bfe86000 rwxp 00000000 00:00 0 
bfeb8000-bfed9000 rw-p 00000000 00:00 0          [stack]

VM Arguments:
jvm_args: -Dfile.encoding=UTF-8 
java_command: /home/victor/del2/Deliverable2/dist/run1720707816/Deliverable2.jar
java_class_path (initial): /home/victor/del2/Deliverable2/dist/run1720707816/Deliverable2.jar
Launcher Type: SUN_STANDARD

Environment Variables:
PATH=/usr/local/sbin:/usr/local/bin:/usr/sbin:/usr/bin:/sbin:/bin:/usr/games:/usr/local/games
USERNAME=victor
LD_LIBRARY_PATH=/home/victor/jdk1.8.0_91/jre/lib/amd64:/home/victor/jdk1.8.0_91/jre/lib/i386:
SHELL=/bin/bash
DISPLAY=:0

Signal Handlers:
SIGSEGV: [libjvm.so+0x8d0a60], sa_mask[0]=11111111011111111101111111111110, sa_flags=SA_RESTART|SA_SIGINFO
SIGBUS: [libjvm.so+0x8d0a60], sa_mask[0]=11111111011111111101111111111110, sa_flags=SA_RESTART|SA_SIGINFO
SIGFPE: [libjvm.so+0x7503b0], sa_mask[0]=11111111011111111101111111111110, sa_flags=SA_RESTART|SA_SIGINFO
SIGPIPE: SIG_IGN, sa_mask[0]=00000000000010000000000000000000, sa_flags=SA_RESTART
SIGXFSZ: [libjvm.so+0x7503b0], sa_mask[0]=11111111011111111101111111111110, sa_flags=SA_RESTART|SA_SIGINFO
SIGILL: [libjvm.so+0x7503b0], sa_mask[0]=11111111011111111101111111111110, sa_flags=SA_RESTART|SA_SIGINFO
SIGUSR1: SIG_DFL, sa_mask[0]=00000000000000000000000000000000, sa_flags=none
SIGUSR2: [libjvm.so+0x751a30], sa_mask[0]=00100000000000000000000000000000, sa_flags=SA_RESTART|SA_SIGINFO
SIGHUP: [libjvm.so+0x752ee0], sa_mask[0]=11111111011111111101111111111110, sa_flags=SA_RESTART|SA_SIGINFO
SIGINT: SIG_IGN, sa_mask[0]=00000000000000000000000000000000, sa_flags=none
SIGTERM: [libjvm.so+0x752ee0], sa_mask[0]=11111111011111111101111111111110, sa_flags=SA_RESTART|SA_SIGINFO
SIGQUIT: [libjvm.so+0x752ee0], sa_mask[0]=11111111011111111101111111111110, sa_flags=SA_RESTART|SA_SIGINFO


---------------  S Y S T E M  ---------------

OS:DISTRIB_ID=Ubuntu
DISTRIB_RELEASE=15.10
DISTRIB_CODENAME=wily
DISTRIB_DESCRIPTION="Ubuntu 15.10"

uname:Linux 4.2.0-16-generic #19-Ubuntu SMP Thu Oct 8 14:46:51 UTC 2015 i686
libc:glibc 2.21 NPTL 2.21 
rlimit: STACK 8192k, CORE 0k, NPROC 31768, NOFILE 65536, AS infinity
load average:1,14 0,68 0,63

/proc/meminfo:
MemTotal:        4099568 kB
MemFree:         1776220 kB
MemAvailable:    2622428 kB
Buffers:          101160 kB
Cached:          1037432 kB
SwapCached:            0 kB
Active:          1445748 kB
Inactive:         786484 kB
Active(anon):    1095684 kB
Inactive(anon):   311048 kB
Active(file):     350064 kB
Inactive(file):   475436 kB
Unevictable:           0 kB
Mlocked:               0 kB
HighTotal:       3240924 kB
HighFree:        1521692 kB
LowTotal:         858644 kB
LowFree:          254528 kB
SwapTotal:       4152316 kB
SwapFree:        4152316 kB
Dirty:              2716 kB
Writeback:             0 kB
AnonPages:       1093536 kB
Mapped:           159812 kB
Shmem:            313088 kB
Slab:              62256 kB
SReclaimable:      46088 kB
SUnreclaim:        16168 kB
KernelStack:        3032 kB
PageTables:         8416 kB
NFS_Unstable:          0 kB
Bounce:                0 kB
WritebackTmp:          0 kB
CommitLimit:     6202100 kB
Committed_AS:    3677080 kB
VmallocTotal:     122880 kB
VmallocUsed:       14424 kB
VmallocChunk:     106428 kB
AnonHugePages:    698368 kB
CmaTotal:              0 kB
CmaFree:               0 kB
HugePages_Total:       0
HugePages_Free:        0
HugePages_Rsvd:        0
HugePages_Surp:        0
Hugepagesize:       2048 kB
DirectMap4k:       32760 kB
DirectMap2M:      880640 kB


CPU:total 2 (2 cores per cpu, 1 threads per core) family 6 model 15 stepping 13, cmov, cx8, fxsr, mmx, sse, sse2, sse3, ssse3, tsc

/proc/cpuinfo:
processor	: 0
vendor_id	: GenuineIntel
cpu family	: 6
model		: 15
model name	: Intel(R) Pentium(R) Dual  CPU  T3200  @ 2.00GHz
stepping	: 13
microcode	: 0xa3
cpu MHz		: 2000.000
cache size	: 1024 KB
physical id	: 0
siblings	: 2
core id		: 0
cpu cores	: 2
apicid		: 0
initial apicid	: 0
fdiv_bug	: no
f00f_bug	: no
coma_bug	: no
fpu		: yes
fpu_exception	: yes
cpuid level	: 10
wp		: yes
flags		: fpu vme de pse tsc msr pae mce cx8 apic sep mtrr pge mca cmov pat pse36 clflush dts acpi mmx fxsr sse sse2 ss ht tm pbe nx lm constant_tsc arch_perfmon pebs bts aperfmperf pni dtes64 monitor ds_cpl est tm2 ssse3 cx16 xtpr pdcm lahf_lm dtherm
bugs		:
bogomips	: 3989.94
clflush size	: 64
cache_alignment	: 64
address sizes	: 36 bits physical, 48 bits virtual
power management:

processor	: 1
vendor_id	: GenuineIntel
cpu family	: 6
model		: 15
model name	: Intel(R) Pentium(R) Dual  CPU  T3200  @ 2.00GHz
stepping	: 13
microcode	: 0xa3
cpu MHz		: 2000.000
cache size	: 1024 KB
physical id	: 0
siblings	: 2
core id		: 1
cpu cores	: 2
apicid		: 1
initial apicid	: 1
fdiv_bug	: no
f00f_bug	: no
coma_bug	: no
fpu		: yes
fpu_exception	: yes
cpuid level	: 10
wp		: yes
flags		: fpu vme de pse tsc msr pae mce cx8 apic sep mtrr pge mca cmov pat pse36 clflush dts acpi mmx fxsr sse sse2 ss ht tm pbe nx lm constant_tsc arch_perfmon pebs bts aperfmperf pni dtes64 monitor ds_cpl est tm2 ssse3 cx16 xtpr pdcm lahf_lm dtherm
bugs		:
bogomips	: 3989.94
clflush size	: 64
cache_alignment	: 64
address sizes	: 36 bits physical, 48 bits virtual
power management:



Memory: 4k page, physical 4099568k(1776220k free), swap 4152316k(4152316k free)

vm_info: Java HotSpot(TM) Server VM (25.91-b14) for linux-x86 JRE (1.8.0_91-b14), built on Apr  1 2016 01:01:13 by "java_re" with gcc 4.3.0 20080428 (Red Hat 4.3.0-8)

time: Sun May 15 20:22:22 2016
elapsed time: 28 seconds (0d 0h 0m 28s)

